<?xml version="1.0" encoding="utf-8"?><testsuites name="pytest tests"><testsuite name="pytest" errors="0" failures="0" skipped="0" tests="12" time="2.514" timestamp="2026-06-04T13:55:35.542297+00:00" hostname="agent-env-2f18dd94-ef6e-41d6-9d40-10ccd28a263f"><testcase classname="tests.test_mfa_compliance.TestMFAFlow" name="test_01_plain_login_no_mfa" time="0.519" /><testcase classname="tests.test_mfa_compliance.TestMFAFlow" name="test_02_mfa_status_initially_disabled" time="0.340" /><testcase classname="tests.test_mfa_compliance.TestMFAFlow" name="test_03_mfa_setup_returns_secret_qr_uri" time="0.073" /><testcase classname="tests.test_mfa_compliance.TestMFAFlow" name="test_04_mfa_enable_with_valid_code" time="0.115" /><testcase classname="tests.test_mfa_compliance.TestMFAFlow" name="test_05_login_returns_mfa_challenge" time="0.276" /><testcase classname="tests.test_mfa_compliance.TestMFAFlow" name="test_06_mfa_verify_wrong_code_401" time="0.056" /><testcase classname="tests.test_mfa_compliance.TestMFAFlow" name="test_07_mfa_verify_valid_code_returns_jwt" time="0.337" /><testcase classname="tests.test_mfa_compliance.TestComplianceDPP" name="test_dpp_checklist_14_items" time="0.054" /><testcase classname="tests.test_mfa_compliance.TestComplianceDPP" name="test_pii_retention_status_shape" time="0.059" /><testcase classname="tests.test_mfa_compliance.TestComplianceDPP" name="test_pii_retention_config_save_persists" time="0.229" /><testcase classname="tests.test_mfa_compliance.TestComplianceDPP" name="test_pii_retention_invalid_days_rejected" time="0.054" /><testcase classname="tests.test_mfa_compliance.TestZ_Cleanup" name="test_zz_disable_mfa" time="0.335" /></testsuite></testsuites>