<?xml version="1.0" encoding="utf-8"?><testsuites name="pytest tests"><testsuite name="pytest" errors="0" failures="0" skipped="0" tests="19" time="5.241" timestamp="2026-04-20T00:59:04.442402+00:00" hostname="agent-env-aa1049ad-827c-4bd2-abd4-c1c2a3abc5d2"><testcase classname="backend.tests.test_iteration9_attribution_members.TestAttribution" name="test_track_visit_instagram_ads" time="0.143" /><testcase classname="backend.tests.test_iteration9_attribution_members.TestAttribution" name="test_track_visit_google_cpc" time="0.128" /><testcase classname="backend.tests.test_iteration9_attribution_members.TestAttribution" name="test_track_visit_instagram_organic_referrer" time="0.133" /><testcase classname="backend.tests.test_iteration9_attribution_members.TestAttribution" name="test_track_visit_direct" time="0.110" /><testcase classname="backend.tests.test_iteration9_attribution_members.TestAttribution" name="test_stats_admin" time="0.456" /><testcase classname="backend.tests.test_iteration9_attribution_members.TestAttribution" name="test_stats_requires_admin" time="0.103" /><testcase classname="backend.tests.test_iteration9_attribution_members.TestOrdersAttribution" name="test_create_order_with_attribution_session" time="0.361" /><testcase classname="backend.tests.test_iteration9_attribution_members.TestOrdersAttribution" name="test_cleanup_attribution_order" time="0.108" /><testcase classname="backend.tests.test_iteration9_attribution_members.TestMembers" name="test_list_members_pagination" time="0.112" /><testcase classname="backend.tests.test_iteration9_attribution_members.TestMembers" name="test_list_members_search" time="0.112" /><testcase classname="backend.tests.test_iteration9_attribution_members.TestMembers" name="test_list_members_segment_filter" time="0.132" /><testcase classname="backend.tests.test_iteration9_attribution_members.TestMembers" name="test_members_stats" time="0.114" /><testcase classname="backend.tests.test_iteration9_attribution_members.TestMembers" name="test_member_crud" time="0.985" /><testcase classname="backend.tests.test_iteration9_attribution_members.TestMembers" name="test_member_duplicate_email" time="0.621" /><testcase classname="backend.tests.test_iteration9_attribution_members.TestMarketplaceConnections" name="test_hepsiburada_test_connection_missing_creds" time="0.228" /><testcase classname="backend.tests.test_iteration9_attribution_members.TestMarketplaceConnections" name="test_hepsiburada_settings_save_and_mask" time="0.349" /><testcase classname="backend.tests.test_iteration9_attribution_members.TestMarketplaceConnections" name="test_temu_test_connection_missing_creds" time="0.228" /><testcase classname="backend.tests.test_iteration9_attribution_members.TestMarketplaceConnections" name="test_mng_test_connection_missing_creds" time="0.250" /><testcase classname="backend.tests.test_iteration9_attribution_members.TestCategoryMapping" name="test_category_hb_temu_mapping_persist" time="0.405" /></testsuite></testsuites>