<?xml version="1.0" encoding="utf-8"?><testsuites name="pytest tests"><testsuite name="pytest" errors="0" failures="1" skipped="0" tests="21" time="12.246" timestamp="2026-05-08T14:41:34.926401+00:00" hostname="agent-env-e368488c-c1ef-48a1-a777-b4a53bdfab57"><testcase classname="backend.tests.test_iteration37_ip_block_qna.TestIPBlocklist" name="test_36_8_admin_guard_no_token" time="1.139" /><testcase classname="backend.tests.test_iteration37_ip_block_qna.TestIPBlocklist" name="test_36_8_admin_guard_customer_token" time="1.333" /><testcase classname="backend.tests.test_iteration37_ip_block_qna.TestIPBlocklist" name="test_36_1_manual_ip_ban" time="1.244" /><testcase classname="backend.tests.test_iteration37_ip_block_qna.TestIPBlocklist" name="test_36_2_banned_ip_login_429" time="1.065" /><testcase classname="backend.tests.test_iteration37_ip_block_qna.TestIPBlocklist" name="test_36_3_list_ip_blocklist" time="0.994" /><testcase classname="backend.tests.test_iteration37_ip_block_qna.TestIPBlocklist" name="test_36_4_unblock_ip" time="1.143" /><testcase classname="backend.tests.test_iteration37_ip_block_qna.TestIPBlocklist" name="test_36_5_permanent_ban" time="1.037" /><testcase classname="backend.tests.test_iteration37_ip_block_qna.TestIPBlocklist" name="test_36_7_audit_log_block_unblock" time="1.162" /><testcase classname="backend.tests.test_iteration37_ip_block_qna.TestTrendyolQnA" name="test_37_1_get_questions_local" time="0.134" /><testcase classname="backend.tests.test_iteration37_ip_block_qna.TestTrendyolQnA" name="test_37_2_questions_sync_live" time="1.415" /><testcase classname="backend.tests.test_iteration37_ip_block_qna.TestTrendyolQnA" name="test_37_3_answer_empty" time="0.154" /><testcase classname="backend.tests.test_iteration37_ip_block_qna.TestTrendyolQnA" name="test_37_4_review_scrape_url_validation_no_trendyol" time="0.120" /><testcase classname="backend.tests.test_iteration37_ip_block_qna.TestTrendyolQnA" name="test_37_4b_review_scrape_no_pid_regex" time="0.137" /><testcase classname="backend.tests.test_iteration37_ip_block_qna.TestTrendyolQnA" name="test_37_5_review_scrape_bulk" time="0.106" /><testcase classname="backend.tests.test_iteration37_ip_block_qna.TestTrendyolQnA" name="test_37_5b_review_scrape_bulk_max_50" time="0.187" /><testcase classname="backend.tests.test_iteration37_ip_block_qna.TestRoutingRegression" name="test_trendyol_settings_main_module" time="0.126" /><testcase classname="backend.tests.test_iteration37_ip_block_qna.TestRoutingRegression" name="test_trendyol_orders_preview_main_module" time="0.132"><failure message="AssertionError: {&quot;detail&quot;:&quot;Method Not Allowed&quot;}&#10;assert 405 == 200&#10; +  where 405 = &lt;Response [405]&gt;.status_code">backend/tests/test_iteration37_ip_block_qna.py:235: in test_trendyol_orders_preview_main_module
    assert r.status_code == 200, r.text
E   AssertionError: {"detail":"Method Not Allowed"}
E   assert 405 == 200
E    +  where 405 = &lt;Response [405]&gt;.status_code</failure></testcase><testcase classname="backend.tests.test_iteration37_ip_block_qna.TestRoutingRegression" name="test_dogan_settings" time="0.119" /><testcase classname="backend.tests.test_iteration37_ip_block_qna.TestRoutingRegression" name="test_iyzico_settings_post" time="0.116" /><testcase classname="backend.tests.test_iteration37_ip_block_qna.TestRoutingRegression" name="test_hepsiburada_settings_post_catchall" time="0.116" /><testcase classname="backend.tests.test_iteration37_ip_block_qna.TestRoutingRegression" name="test_37_7_upload_invoice_validation_intact" time="0.147" /></testsuite></testsuites>