<?xml version="1.0" encoding="utf-8"?><testsuites name="pytest tests"><testsuite name="pytest" errors="0" failures="0" skipped="0" tests="3" time="2.160" timestamp="2026-06-04T19:34:57.027657+00:00" hostname="agent-env-4c840528-d518-4fc2-9d78-cdecf8330071"><testcase classname="backend.tests.test_iteration45_embedded_detail_fields.TestTicimaxSchema" name="test_schema_returns_12_groups_113_fields" time="0.564" /><testcase classname="backend.tests.test_iteration45_embedded_detail_fields.TestTechnicalDetailsImport" name="test_product_1221_has_flat_attributes" time="0.398" /><testcase classname="backend.tests.test_iteration45_embedded_detail_fields.TestTicimaxFieldsPersistence" name="test_put_persists_satisfiyati" time="1.120" /></testsuite></testsuites>