<?xml version="1.0" encoding="utf-8"?><testsuites name="pytest tests"><testsuite name="pytest" errors="0" failures="0" skipped="1" tests="8" time="6.283" timestamp="2026-05-05T01:37:11.670721+00:00" hostname="agent-env-6ca2d6f8-afe5-4682-b745-57851615a64a"><testcase classname="backend.tests.test_iteration19_order_success" name="test_api_root_reachable" time="0.160" /><testcase classname="backend.tests.test_iteration19_order_success.TestOrderBillingInfo" name="test_create_order_non_corporate_and_lookup_by_number" time="0.310" /><testcase classname="backend.tests.test_iteration19_order_success.TestOrderBillingInfo" name="test_create_order_corporate_and_billing_info_persisted" time="1.786" /><testcase classname="backend.tests.test_iteration19_order_success.TestOrderBillingInfo" name="test_by_number_404_for_unknown" time="0.127" /><testcase classname="backend.tests.test_iteration19_order_success.TestNotificationTemplateSeed" name="test_seed_force_true_updates_order_confirmed_email_body" time="0.654" /><testcase classname="backend.tests.test_iteration19_order_success.TestNotificationTemplateSeed" name="test_seed_force_respects_manually_edited" time="0.143"><skipped type="pytest.skip" message="order_shipped/email template not found or has no id">/app/backend/tests/test_iteration19_order_success.py:173: order_shipped/email template not found or has no id</skipped></testcase><testcase classname="backend.tests.test_iteration19_order_success.TestOrderConfirmedNotification" name="test_create_order_triggers_order_confirmed_log" time="2.878" /><testcase classname="backend.tests.test_iteration19_order_success.TestMngCargoBarcode" name="test_create_cargo_barcode_graceful_fallback_returns_response" time="0.140" /></testsuite></testsuites>