<?xml version="1.0" encoding="utf-8"?><testsuites name="pytest tests"><testsuite name="pytest" errors="0" failures="0" skipped="0" tests="18" time="5.643" timestamp="2026-04-23T22:46:44.913645+00:00" hostname="agent-env-4feb7014-82f7-4583-8709-fe4494151ba6"><testcase classname="backend.tests.test_iteration14_notifications_locations_otp.TestLocations" name="test_provinces_returns_81" time="0.133" /><testcase classname="backend.tests.test_iteration14_notifications_locations_otp.TestLocations" name="test_istanbul_districts_39" time="0.122" /><testcase classname="backend.tests.test_iteration14_notifications_locations_otp.TestLocations" name="test_unknown_province_returns_empty" time="0.106" /><testcase classname="backend.tests.test_iteration14_notifications_locations_otp.TestNotificationProviders" name="test_catalog_requires_admin" time="0.110" /><testcase classname="backend.tests.test_iteration14_notifications_locations_otp.TestNotificationProviders" name="test_catalog_ok" time="0.446" /><testcase classname="backend.tests.test_iteration14_notifications_locations_otp.TestNotificationProviders" name="test_get_providers_default" time="0.112" /><testcase classname="backend.tests.test_iteration14_notifications_locations_otp.TestNotificationProviders" name="test_save_and_reload_providers" time="0.219" /><testcase classname="backend.tests.test_iteration14_notifications_locations_otp.TestNotificationTemplates" name="test_seed_templates" time="0.116" /><testcase classname="backend.tests.test_iteration14_notifications_locations_otp.TestNotificationTemplates" name="test_list_has_30_templates" time="0.109" /><testcase classname="backend.tests.test_iteration14_notifications_locations_otp.TestNotificationTemplates" name="test_upsert_single_template" time="0.220" /><testcase classname="backend.tests.test_iteration14_notifications_locations_otp.TestNotificationTemplates" name="test_upsert_invalid_channel" time="0.109" /><testcase classname="backend.tests.test_iteration14_notifications_locations_otp.TestNotificationSendAndLogs" name="test_send_test_sms_endpoint" time="0.622" /><testcase classname="backend.tests.test_iteration14_notifications_locations_otp.TestNotificationSendAndLogs" name="test_logs_endpoint" time="0.105" /><testcase classname="backend.tests.test_iteration14_notifications_locations_otp.TestOtpPasswordReset" name="test_request_otp_unknown_phone_still_success" time="0.107" /><testcase classname="backend.tests.test_iteration14_notifications_locations_otp.TestOtpPasswordReset" name="test_verify_otp_invalid_code" time="0.225" /><testcase classname="backend.tests.test_iteration14_notifications_locations_otp.TestOtpPasswordReset" name="test_reset_invalid_token" time="0.126" /><testcase classname="backend.tests.test_iteration14_notifications_locations_otp.TestOtpPasswordReset" name="test_reset_short_password" time="0.124" /><testcase classname="backend.tests.test_iteration14_notifications_locations_otp.TestOrderStatusNotificationHook" name="test_order_status_confirmed_triggers_log" time="2.462" /></testsuite></testsuites>