<?xml version="1.0" encoding="utf-8"?><testsuites name="pytest tests"><testsuite name="pytest" errors="0" failures="0" skipped="0" tests="14" time="6.410" timestamp="2026-04-23T23:29:12.079093+00:00" hostname="agent-env-4feb7014-82f7-4583-8709-fe4494151ba6"><testcase classname="backend.tests.test_iteration15_faz456.TestAvailableCoupons" name="test_available_returns_eligible_and_excludes_below_min" time="0.730" /><testcase classname="backend.tests.test_iteration15_faz456.TestAvailableCoupons" name="test_available_below_min_cart" time="0.148" /><testcase classname="backend.tests.test_iteration15_faz456.TestOrderCreateGiftAndClientMeta" name="test_create_order_gift_fields_and_ip" time="0.340" /><testcase classname="backend.tests.test_iteration15_faz456.TestShipping" name="test_status_undelivered_accepted" time="1.766" /><testcase classname="backend.tests.test_iteration15_faz456.TestShipping" name="test_ship_happy_path" time="0.497" /><testcase classname="backend.tests.test_iteration15_faz456.TestShipping" name="test_ship_invalid_cargo" time="0.331" /><testcase classname="backend.tests.test_iteration15_faz456.TestShipping" name="test_ship_order_not_found" time="0.109" /><testcase classname="backend.tests.test_iteration15_faz456.TestShipping" name="test_undeliver_endpoint" time="0.459" /><testcase classname="backend.tests.test_iteration15_faz456.TestCustomerRisk" name="test_risk_by_user_default_low" time="0.110" /><testcase classname="backend.tests.test_iteration15_faz456.TestCustomerRisk" name="test_risk_by_email" time="0.117" /><testcase classname="backend.tests.test_iteration15_faz456.TestCustomerRisk" name="test_risk_bulk" time="0.109" /><testcase classname="backend.tests.test_iteration15_faz456.TestCustomerRisk" name="test_block_flow" time="0.592" /><testcase classname="backend.tests.test_iteration15_faz456.TestCustomerRisk" name="test_block_by_ip_then_order_rejected" time="0.336" /><testcase classname="backend.tests.test_iteration15_faz456.TestProviderMasking" name="test_masking_and_merge_preserve" time="0.669" /></testsuite></testsuites>