<?xml version="1.0" encoding="utf-8"?><testsuites name="pytest tests"><testsuite name="pytest" errors="0" failures="0" skipped="0" tests="24" time="2.209" timestamp="2026-04-20T00:35:46.436942+00:00" hostname="agent-env-aa1049ad-827c-4bd2-abd4-c1c2a3abc5d2"><testcase classname="backend.tests.test_iteration8_features.TestLocations" name="test_countries" time="0.117" /><testcase classname="backend.tests.test_iteration8_features.TestLocations" name="test_tr_provinces" time="0.050" /><testcase classname="backend.tests.test_iteration8_features.TestLocations" name="test_tr_districts_istanbul" time="0.055" /><testcase classname="backend.tests.test_iteration8_features.TestLocations" name="test_tr_search" time="0.049" /><testcase classname="backend.tests.test_iteration8_features.TestCargoIntegrations" name="test_cargo_get_default_settings[mng]" time="0.337" /><testcase classname="backend.tests.test_iteration8_features.TestCargoIntegrations" name="test_cargo_get_default_settings[aras]" time="0.050" /><testcase classname="backend.tests.test_iteration8_features.TestCargoIntegrations" name="test_cargo_get_default_settings[yurtici]" time="0.050" /><testcase classname="backend.tests.test_iteration8_features.TestCargoIntegrations" name="test_cargo_get_default_settings[ptt]" time="0.062" /><testcase classname="backend.tests.test_iteration8_features.TestCargoIntegrations" name="test_cargo_get_default_settings[hepsijet]" time="0.055" /><testcase classname="backend.tests.test_iteration8_features.TestCargoIntegrations" name="test_cargo_get_default_settings[trendyol_express]" time="0.051" /><testcase classname="backend.tests.test_iteration8_features.TestCargoIntegrations" name="test_cargo_get_default_settings[surat]" time="0.052" /><testcase classname="backend.tests.test_iteration8_features.TestCargoIntegrations" name="test_mng_save_and_mask" time="0.107" /><testcase classname="backend.tests.test_iteration8_features.TestCargoIntegrations" name="test_mng_test_connection_missing_creds" time="0.099" /><testcase classname="backend.tests.test_iteration8_features.TestCargoIntegrations" name="test_iyzico_settings_default" time="0.046" /><testcase classname="backend.tests.test_iteration8_features.TestManufacturing" name="test_stages_12" time="0.055" /><testcase classname="backend.tests.test_iteration8_features.TestManufacturing" name="test_create_without_size_distribution" time="0.101" /><testcase classname="backend.tests.test_iteration8_features.TestManufacturing" name="test_list_manufacturing_includes_created" time="0.058" /><testcase classname="backend.tests.test_iteration8_features.TestManufacturing" name="test_advance_stage" time="0.097" /><testcase classname="backend.tests.test_iteration8_features.TestProductsCategoryIds" name="test_create_with_marketplace_category_ids" time="0.112" /><testcase classname="backend.tests.test_iteration8_features.TestProductsCategoryIds" name="test_update_hepsiburada_category_id" time="0.125" /><testcase classname="backend.tests.test_iteration8_features.TestProductsCategoryIds" name="test_cleanup_product" time="0.054" /><testcase classname="backend.tests.test_iteration8_features.TestAISettings" name="test_get_default_ai_settings" time="0.051" /><testcase classname="backend.tests.test_iteration8_features.TestRBAC" name="test_get_roles" time="0.052" /><testcase classname="backend.tests.test_iteration8_features.TestSizeTables" name="test_size_table_crud" time="0.250" /></testsuite></testsuites>