<?xml version="1.0" encoding="utf-8"?><testsuites name="pytest tests"><testsuite name="pytest" errors="0" failures="0" skipped="1" tests="13" time="4.904" timestamp="2026-05-07T22:36:48.055915+00:00" hostname="agent-env-f445cee3-fe4a-4fcc-b108-b31ff2e47986"><testcase classname="backend.tests.test_iteration24_pageblocks_mng_webhook.TestPageBlocksSeedAndList" name="test_seed_default_home_overwrite" time="0.678" /><testcase classname="backend.tests.test_iteration24_pageblocks_mng_webhook.TestPageBlocksSeedAndList" name="test_get_page_blocks_home_sorted" time="0.142" /><testcase classname="backend.tests.test_iteration24_pageblocks_mng_webhook.TestPageBlocksSeedAndList" name="test_seed_without_overwrite_when_exists" time="0.116" /><testcase classname="backend.tests.test_iteration24_pageblocks_mng_webhook.TestPageBlocksCRUDAndReorder" name="test_create_get_update_delete" time="0.699" /><testcase classname="backend.tests.test_iteration24_pageblocks_mng_webhook.TestPageBlocksCRUDAndReorder" name="test_admin_required_on_write" time="0.365" /><testcase classname="backend.tests.test_iteration24_pageblocks_mng_webhook.TestPageBlocksCRUDAndReorder" name="test_reorder_bulk" time="1.353" /><testcase classname="backend.tests.test_iteration24_pageblocks_mng_webhook.TestPageBlocksCRUDAndReorder" name="test_reorder_empty_ids_returns_400" time="0.131" /><testcase classname="backend.tests.test_iteration24_pageblocks_mng_webhook.TestMngWebhook" name="test_webhook_is_public_no_auth_required" time="0.108" /><testcase classname="backend.tests.test_iteration24_pageblocks_mng_webhook.TestMngWebhook" name="test_webhook_unknown_barkod_logs_silently" time="0.113" /><testcase classname="backend.tests.test_iteration24_pageblocks_mng_webhook.TestMngWebhook" name="test_webhook_300_sets_shipped" time="0.461" /><testcase classname="backend.tests.test_iteration24_pageblocks_mng_webhook.TestMngWebhook" name="test_webhook_400_sets_delivered_with_delivered_at" time="0.265" /><testcase classname="backend.tests.test_iteration24_pageblocks_mng_webhook.TestMngWebhook" name="test_webhook_logs_to_integration_logs" time="0.118"><skipped type="pytest.skip" message="/api/integration-logs endpoint not implemented">/app/backend/tests/test_iteration24_pageblocks_mng_webhook.py:382: /api/integration-logs endpoint not implemented</skipped></testcase><testcase classname="backend.tests.test_iteration24_pageblocks_mng_webhook.TestMngWebhook" name="test_webhook_referans_no_match" time="0.255" /></testsuite></testsuites>