<?xml version="1.0" encoding="utf-8"?><testsuites name="pytest tests"><testsuite name="pytest" errors="0" failures="0" skipped="0" tests="7" time="1.819" timestamp="2026-05-05T22:37:33.969558+00:00" hostname="agent-env-6ca2d6f8-afe5-4682-b745-57851615a64a"><testcase classname="backend.tests.test_iteration21_cron_temu_autocombine.TestTemuRouter" name="test_temu_products_no_credential_returns_400" time="0.509" /><testcase classname="backend.tests.test_iteration21_cron_temu_autocombine.TestMarketplaceHub" name="test_marketplaces_includes_temu" time="0.143" /><testcase classname="backend.tests.test_iteration21_cron_temu_autocombine.TestAutoCombine" name="test_auto_combine_dry_run" time="0.127" /><testcase classname="backend.tests.test_iteration21_cron_temu_autocombine.TestAutoCombine" name="test_auto_combine_persists" time="0.500" /><testcase classname="backend.tests.test_iteration21_cron_temu_autocombine.TestAutoCombine" name="test_auto_combine_unknown_product_404" time="0.143" /><testcase classname="backend.tests.test_iteration21_cron_temu_autocombine.TestAutoCombineAll" name="test_auto_combine_all_response_shape" time="0.319" /><testcase classname="backend.tests.test_iteration21_cron_temu_autocombine.TestSchedulerCron" name="test_backend_logs_show_ticimax_cron_started" time="0.000" /></testsuite></testsuites>