<?xml version="1.0" encoding="utf-8"?><testsuites name="pytest tests"><testsuite name="pytest" errors="0" failures="0" skipped="0" tests="36" time="9.463" timestamp="2026-04-20T01:23:54.671891+00:00" hostname="agent-env-aa1049ad-827c-4bd2-abd4-c1c2a3abc5d2"><testcase classname="backend.tests.test_iteration10_p0_features.TestCoupons" name="test_list_pagination" time="0.629" /><testcase classname="backend.tests.test_iteration10_p0_features.TestCoupons" name="test_create_percent_coupon_uppercase" time="0.144" /><testcase classname="backend.tests.test_iteration10_p0_features.TestCoupons" name="test_duplicate_code_409" time="0.280" /><testcase classname="backend.tests.test_iteration10_p0_features.TestCoupons" name="test_update_and_delete" time="0.394" /><testcase classname="backend.tests.test_iteration10_p0_features.TestCoupons" name="test_apply_percent_with_max_discount" time="0.301" /><testcase classname="backend.tests.test_iteration10_p0_features.TestCoupons" name="test_apply_fixed" time="0.327" /><testcase classname="backend.tests.test_iteration10_p0_features.TestCoupons" name="test_apply_min_cart_total_fail" time="0.252" /><testcase classname="backend.tests.test_iteration10_p0_features.TestCoupons" name="test_apply_inactive" time="0.230" /><testcase classname="backend.tests.test_iteration10_p0_features.TestCoupons" name="test_apply_expired" time="0.235" /><testcase classname="backend.tests.test_iteration10_p0_features.TestCoupons" name="test_apply_usage_limit_exhausted" time="0.400" /><testcase classname="backend.tests.test_iteration10_p0_features.TestCoupons" name="test_apply_categories_filter" time="0.227" /><testcase classname="backend.tests.test_iteration10_p0_features.TestCoupons" name="test_cleanup_coupons" time="1.199" /><testcase classname="backend.tests.test_iteration10_p0_features.TestReports" name="test_sales_day" time="0.122" /><testcase classname="backend.tests.test_iteration10_p0_features.TestReports" name="test_sales_week_month" time="0.260" /><testcase classname="backend.tests.test_iteration10_p0_features.TestReports" name="test_top_products" time="0.141" /><testcase classname="backend.tests.test_iteration10_p0_features.TestReports" name="test_categories" time="0.125" /><testcase classname="backend.tests.test_iteration10_p0_features.TestReports" name="test_stock" time="0.115" /><testcase classname="backend.tests.test_iteration10_p0_features.TestReports" name="test_payments" time="0.111" /><testcase classname="backend.tests.test_iteration10_p0_features.TestReports" name="test_cargo" time="0.134" /><testcase classname="backend.tests.test_iteration10_p0_features.TestReports" name="test_members" time="0.126" /><testcase classname="backend.tests.test_iteration10_p0_features.TestAbandonedCart" name="test_track_and_mark" time="0.448" /><testcase classname="backend.tests.test_iteration10_p0_features.TestAbandonedCart" name="test_list_abandoned_with_zero_hours_edge" time="0.117" /><testcase classname="backend.tests.test_iteration10_p0_features.TestAbandonedCart" name="test_delete_abandoned" time="0.241" /><testcase classname="backend.tests.test_iteration10_p0_features.TestReviews" name="test_submit_requires_auth" time="0.107" /><testcase classname="backend.tests.test_iteration10_p0_features.TestReviews" name="test_submit_invalid_rating" time="0.102" /><testcase classname="backend.tests.test_iteration10_p0_features.TestReviews" name="test_submit_valid_pending" time="0.126" /><testcase classname="backend.tests.test_iteration10_p0_features.TestReviews" name="test_public_only_approved" time="0.135" /><testcase classname="backend.tests.test_iteration10_p0_features.TestReviews" name="test_admin_list_pending" time="0.119" /><testcase classname="backend.tests.test_iteration10_p0_features.TestReviews" name="test_admin_approve_and_public_sees_it" time="0.235" /><testcase classname="backend.tests.test_iteration10_p0_features.TestReviews" name="test_admin_invalid_status" time="0.137" /><testcase classname="backend.tests.test_iteration10_p0_features.TestReviews" name="test_cleanup_reviews" time="0.151" /><testcase classname="backend.tests.test_iteration10_p0_features.TestSEO" name="test_create_redirect_and_upsert" time="0.717" /><testcase classname="backend.tests.test_iteration10_p0_features.TestSEO" name="test_resolve_not_found" time="0.115" /><testcase classname="backend.tests.test_iteration10_p0_features.TestSEO" name="test_meta_upsert_and_public" time="0.433" /><testcase classname="backend.tests.test_iteration10_p0_features.TestSEO" name="test_meta_public_not_found" time="0.113" /><testcase classname="backend.tests.test_iteration10_p0_features.TestSEO" name="test_cleanup_seo" time="0.215" /></testsuite></testsuites>