<?xml version="1.0" encoding="utf-8"?><testsuites name="pytest tests"><testsuite name="pytest" errors="0" failures="1" skipped="0" tests="23" time="7.239" timestamp="2026-04-20T01:47:42.451320+00:00" hostname="agent-env-aa1049ad-827c-4bd2-abd4-c1c2a3abc5d2"><testcase classname="backend.tests.test_iteration11_catalog_extras" name="test_brand_create_and_get" time="0.826" /><testcase classname="backend.tests.test_iteration11_catalog_extras" name="test_brand_name_required" time="0.133" /><testcase classname="backend.tests.test_iteration11_catalog_extras" name="test_brand_update" time="0.265" /><testcase classname="backend.tests.test_iteration11_catalog_extras" name="test_tag_create_with_extras" time="0.115" /><testcase classname="backend.tests.test_iteration11_catalog_extras" name="test_member_group_create" time="0.118" /><testcase classname="backend.tests.test_iteration11_catalog_extras" name="test_announcement_create" time="0.134" /><testcase classname="backend.tests.test_iteration11_catalog_extras" name="test_popup_create" time="0.139" /><testcase classname="backend.tests.test_iteration11_catalog_extras" name="test_alert_public_create_and_list" time="0.521" /><testcase classname="backend.tests.test_iteration11_catalog_extras" name="test_havale_public_create_and_confirm" time="1.026" /><testcase classname="backend.tests.test_iteration11_catalog_extras" name="test_deleted_orders_list" time="0.120" /><testcase classname="backend.tests.test_iteration11_catalog_extras" name="test_shipping_rule_upsert_and_resolve" time="0.354" /><testcase classname="backend.tests.test_iteration11_catalog_extras" name="test_payment_discount_upsert" time="0.253" /><testcase classname="backend.tests.test_iteration11_catalog_extras" name="test_reports_hourly_24" time="0.112" /><testcase classname="backend.tests.test_iteration11_catalog_extras" name="test_reports_by_city" time="0.109" /><testcase classname="backend.tests.test_iteration11_catalog_extras" name="test_reports_profit" time="0.121"><failure message="assert 500 == 200&#10; +  where 500 = &lt;Response [500]&gt;.status_code">backend/tests/test_iteration11_catalog_extras.py:242: in test_reports_profit
    assert r.status_code == 200
E   assert 500 == 200
E    +  where 500 = &lt;Response [500]&gt;.status_code</failure></testcase><testcase classname="backend.tests.test_iteration11_catalog_extras" name="test_reports_stock_movements" time="0.141" /><testcase classname="backend.tests.test_iteration11_catalog_extras" name="test_ticket_create_requires_auth_and_fields" time="0.360" /><testcase classname="backend.tests.test_iteration11_catalog_extras" name="test_ticket_list_and_update" time="0.280" /><testcase classname="backend.tests.test_iteration11_catalog_extras" name="test_bulk_email_empty_resend_key" time="0.150" /><testcase classname="backend.tests.test_iteration11_catalog_extras" name="test_bulk_email_validation" time="0.132" /><testcase classname="backend.tests.test_iteration11_catalog_extras" name="test_bulk_email_campaigns_list" time="0.130" /><testcase classname="backend.tests.test_iteration11_catalog_extras" name="test_currency_refresh_and_rates" time="0.449" /><testcase classname="backend.tests.test_iteration11_catalog_extras" name="test_cleanup_all" time="1.127" /></testsuite></testsuites>