<?xml version="1.0" encoding="utf-8"?><testsuites name="pytest tests"><testsuite name="pytest" errors="0" failures="0" skipped="1" tests="13" time="5.678" timestamp="2026-06-03T14:47:42.334094+00:00" hostname="agent-env-2f18dd94-ef6e-41d6-9d40-10ccd28a263f"><testcase classname="backend.tests.test_iteration40_favorites_ticimax_capi.TestFavorites" name="test_unauth_get_favorites_401" time="0.206" /><testcase classname="backend.tests.test_iteration40_favorites_ticimax_capi.TestFavorites" name="test_unauth_post_favorite_401" time="0.275" /><testcase classname="backend.tests.test_iteration40_favorites_ticimax_capi.TestFavorites" name="test_add_favorite_invalid_product_404" time="0.407" /><testcase classname="backend.tests.test_iteration40_favorites_ticimax_capi.TestFavorites" name="test_add_favorite_idempotent" time="0.373" /><testcase classname="backend.tests.test_iteration40_favorites_ticimax_capi.TestFavorites" name="test_merge_favorites" time="0.057"><skipped type="pytest.xfail" message="Route shadowing bug: /favorites/merge matched by /favorites/{product_id}" /></testcase><testcase classname="backend.tests.test_iteration40_favorites_ticimax_capi.TestFavorites" name="test_delete_favorite" time="0.121" /><testcase classname="backend.tests.test_iteration40_favorites_ticimax_capi.TestTicimaxExcelUpload" name="test_bad_extension_txt_400" time="0.057" /><testcase classname="backend.tests.test_iteration40_favorites_ticimax_capi.TestTicimaxExcelUpload" name="test_missing_required_columns_400" time="0.147" /><testcase classname="backend.tests.test_iteration40_favorites_ticimax_capi.TestTicimaxExcelUpload" name="test_valid_upload_then_update_path" time="0.148" /><testcase classname="backend.tests.test_iteration40_favorites_ticimax_capi.TestTicimaxExcelUpload" name="test_zzz_cleanup" time="0.091" /><testcase classname="backend.tests.test_iteration40_favorites_ticimax_capi.TestCAPI" name="test_capi_health_public" time="0.125" /><testcase classname="backend.tests.test_iteration40_favorites_ticimax_capi.TestCAPI" name="test_marketing_pixels_active_public" time="0.117" /><testcase classname="backend.tests.test_iteration40_favorites_ticimax_capi.TestCAPI" name="test_capi_event_non_blocking" time="3.178" /></testsuite></testsuites>