<?xml version="1.0" encoding="utf-8"?><testsuites name="pytest tests"><testsuite name="pytest" errors="0" failures="0" skipped="0" tests="77" time="11.390" timestamp="2026-04-23T13:30:34.528846+00:00" hostname="agent-env-95b4f4fe-1c76-47e3-b07d-06c8a0ac9b57"><testcase classname="tests.test_iteration13_integration_fixes.TestFix2IyzicoValidation" name="test_is_active_without_credentials_returns_400" time="0.526" /><testcase classname="tests.test_iteration13_integration_fixes.TestFix2IyzicoValidation" name="test_inactive_empty_body_allowed" time="0.049" /><testcase classname="tests.test_iteration13_integration_fixes.TestFix2IyzicoValidation" name="test_active_with_credentials_ok" time="0.099" /><testcase classname="tests.test_iteration13_integration_fixes.TestFix2IyzicoValidation" name="test_active_with_masked_secret_uses_existing" time="0.097" /><testcase classname="tests.test_iteration13_integration_fixes.TestFix3TrendyolValidation" name="test_is_active_without_credentials_returns_400" time="0.100" /><testcase classname="tests.test_iteration13_integration_fixes.TestFix3TrendyolValidation" name="test_is_active_partial_missing_returns_400" time="0.103" /><testcase classname="tests.test_iteration13_integration_fixes.TestFix3TrendyolValidation" name="test_is_active_full_body_ok" time="0.050" /><testcase classname="tests.test_iteration13_integration_fixes.TestFix3TrendyolValidation" name="test_inactive_empty_body_allowed" time="0.047" /><testcase classname="tests.test_iteration13_integration_fixes.TestFix4HepsiburadaTemuValidation" name="test_hepsiburada_active_empty_body_400" time="0.097" /><testcase classname="tests.test_iteration13_integration_fixes.TestFix4HepsiburadaTemuValidation" name="test_hepsiburada_active_full_body_ok" time="0.095" /><testcase classname="tests.test_iteration13_integration_fixes.TestFix4HepsiburadaTemuValidation" name="test_temu_active_empty_body_400" time="0.120" /><testcase classname="tests.test_iteration13_integration_fixes.TestFix4HepsiburadaTemuValidation" name="test_temu_active_partial_missing_400" time="0.061" /><testcase classname="tests.test_iteration13_integration_fixes.TestFix4HepsiburadaTemuValidation" name="test_inactive_empty_body_allowed_hb" time="0.050" /><testcase classname="tests.test_iteration13_integration_fixes.TestFix4HepsiburadaTemuValidation" name="test_inactive_empty_body_allowed_temu" time="0.062" /><testcase classname="tests.test_iteration13_integration_fixes.TestFix5DoganValidation" name="test_enabled_without_credentials_400" time="0.099" /><testcase classname="tests.test_iteration13_integration_fixes.TestFix5DoganValidation" name="test_enabled_full_body_ok" time="0.056" /><testcase classname="tests.test_iteration13_integration_fixes.TestFix5DoganValidation" name="test_masked_password_preserves_existing" time="0.165" /><testcase classname="tests.test_iteration13_integration_fixes.TestFix5DoganValidation" name="test_disabled_empty_body_allowed" time="0.094" /><testcase classname="tests.test_iteration13_integration_fixes.TestFix6DoganPasswordMasking" name="test_get_dogan_settings_password_masked" time="0.095" /><testcase classname="tests.test_iteration13_integration_fixes.TestFix7TrendyolTestConnection" name="test_test_connection_without_creds_returns_success_false" time="0.091" /><testcase classname="tests.test_iteration13_integration_fixes.TestFix7TrendyolTestConnection" name="test_test_connection_with_dummy_creds_returns_401_hint" time="0.407" /><testcase classname="tests.test_iteration13_integration_fixes.TestFix8TemuTestConnection" name="test_temu_missing_creds_message" time="0.098" /><testcase classname="tests.test_iteration13_integration_fixes.TestFix8TemuTestConnection" name="test_temu_invalid_creds_returns_error" time="0.348" /><testcase classname="tests.test_iteration13_integration_fixes.TestFix9HepsiburadaTestConnection" name="test_hb_missing_creds" time="0.170" /><testcase classname="tests.test_iteration13_integration_fixes.TestFix9HepsiburadaTestConnection" name="test_hb_dummy_creds_returns_error_with_detail" time="0.761" /><testcase classname="tests.test_iteration13_integration_fixes.TestFix1BulkOpsDeactivate" name="test_no_active_marketplaces_returns_success" time="0.198" /><testcase classname="tests.test_iteration13_integration_fixes.TestFix1BulkOpsDeactivate" name="test_active_trendyol_dummy_creds_returns_success_false" time="0.620" /><testcase classname="tests.test_iteration13_integration_fixes.TestFix10TrendyolWebhookSignature" name="test_webhook_without_secret_env_accepts_unsigned" time="0.127" /><testcase classname="tests.test_iteration13_integration_fixes.TestFix10TrendyolWebhookSignature" name="test_webhook_with_payload_no_signature_accepted" time="0.107" /><testcase classname="tests.test_iteration13_integration_fixes.TestFix10TrendyolWebhookSignature" name="test_webhook_signature_verification_logic" time="0.118" /><testcase classname="tests.test_iteration13_integration_fixes" name="test_zz_cleanup" time="0.250" /><testcase classname="tests.test_iteration12_integrations.TestIyzico" name="test_get_settings_empty_shape" time="0.456" /><testcase classname="tests.test_iteration12_integrations.TestIyzico" name="test_post_and_roundtrip" time="0.117" /><testcase classname="tests.test_iteration12_integrations.TestIyzico" name="test_test_connection_with_settings" time="0.057" /><testcase classname="tests.test_iteration12_integrations.TestIyzico" name="test_refund_validation_missing_body" time="0.056" /><testcase classname="tests.test_iteration12_integrations.TestIyzico" name="test_refund_order_not_found" time="0.079" /><testcase classname="tests.test_iteration12_integrations.TestIyzico" name="test_refund_order_without_payment_id" time="0.399" /><testcase classname="tests.test_iteration12_integrations.TestTrendyol" name="test_settings_get" time="0.066" /><testcase classname="tests.test_iteration12_integrations.TestTrendyol" name="test_settings_post_roundtrip" time="0.120" /><testcase classname="tests.test_iteration12_integrations.TestTrendyol" name="test_status" time="0.055" /><testcase classname="tests.test_iteration12_integrations.TestTrendyol" name="test_generic_test_connection_for_trendyol" time="0.658" /><testcase classname="tests.test_iteration12_integrations.TestTrendyol" name="test_categories_local" time="0.129" /><testcase classname="tests.test_iteration12_integrations.TestTrendyol" name="test_category_mappings" time="0.058" /><testcase classname="tests.test_iteration12_integrations.TestTrendyol" name="test_claims_list" time="0.065" /><testcase classname="tests.test_iteration12_integrations.TestTrendyol" name="test_questions_list" time="0.061" /><testcase classname="tests.test_iteration12_integrations.TestTrendyol" name="test_sync_logs" time="0.060" /><testcase classname="tests.test_iteration12_integrations.TestHepsiburadaTemu" name="test_get_settings[hepsiburada]" time="0.058" /><testcase classname="tests.test_iteration12_integrations.TestHepsiburadaTemu" name="test_get_settings[temu]" time="0.057" /><testcase classname="tests.test_iteration12_integrations.TestHepsiburadaTemu" name="test_post_settings_roundtrip[hepsiburada]" time="0.117" /><testcase classname="tests.test_iteration12_integrations.TestHepsiburadaTemu" name="test_post_settings_roundtrip[temu]" time="0.135" /><testcase classname="tests.test_iteration12_integrations.TestHepsiburadaTemu" name="test_status[hepsiburada]" time="0.062" /><testcase classname="tests.test_iteration12_integrations.TestHepsiburadaTemu" name="test_status[temu]" time="0.065" /><testcase classname="tests.test_iteration12_integrations.TestHepsiburadaTemu" name="test_test_connection[hepsiburada]" time="0.683" /><testcase classname="tests.test_iteration12_integrations.TestHepsiburadaTemu" name="test_test_connection[temu]" time="0.253" /><testcase classname="tests.test_iteration12_integrations.TestDogan" name="test_get_settings" time="0.058" /><testcase classname="tests.test_iteration12_integrations.TestDogan" name="test_post_settings_roundtrip" time="0.126" /><testcase classname="tests.test_iteration12_integrations.TestDogan" name="test_test_connection_without_creds" time="0.123" /><testcase classname="tests.test_iteration12_integrations.TestDogan" name="test_check_user_without_vkn" time="0.059" /><testcase classname="tests.test_iteration12_integrations.TestMarketplaceHub" name="test_list_marketplaces" time="0.066" /><testcase classname="tests.test_iteration12_integrations.TestMarketplaceHub" name="test_trendyol_schema" time="0.060" /><testcase classname="tests.test_iteration12_integrations.TestMarketplaceHub" name="test_unknown_schema_404" time="0.067" /><testcase classname="tests.test_iteration12_integrations.TestMarketplaceHub" name="test_account_roundtrip" time="0.121" /><testcase classname="tests.test_iteration12_integrations.TestMarketplaceHub" name="test_logs_summary" time="0.063" /><testcase classname="tests.test_iteration12_integrations.TestMarketplaceHub" name="test_logs_test_seed" time="0.058" /><testcase classname="tests.test_iteration12_integrations.TestMarketplaceHub" name="test_logs_list" time="0.069" /><testcase classname="tests.test_iteration12_integrations.TestMarketplaceHub" name="test_auto_sync" time="0.066" /><testcase classname="tests.test_iteration12_integrations.TestProviderSettings" name="test_einvoice_schemas" time="0.072" /><testcase classname="tests.test_iteration12_integrations.TestProviderSettings" name="test_cargo_schemas" time="0.065" /><testcase classname="tests.test_iteration12_integrations.TestProviderSettings" name="test_einvoice_config_roundtrip" time="0.124" /><testcase classname="tests.test_iteration12_integrations.TestProviderSettings" name="test_einvoice_test" time="0.061" /><testcase classname="tests.test_iteration12_integrations.TestProviderSettings" name="test_einvoice_test_missing" time="0.065" /><testcase classname="tests.test_iteration12_integrations.TestProviderSettings" name="test_cargo_config_roundtrip" time="0.116" /><testcase classname="tests.test_iteration12_integrations.TestProviderSettings" name="test_invalid_kind" time="0.062" /><testcase classname="tests.test_iteration12_integrations.TestBulkOps" name="test_deactivate_on_marketplaces" time="0.302" /><testcase classname="tests.test_iteration12_integrations.TestWebhooks" name="test_trendyol_webhook_empty" time="0.128" /><testcase classname="tests.test_iteration12_integrations.TestWebhooks" name="test_trendyol_webhook_order_status" time="0.103" /><testcase classname="tests.test_iteration12_integrations" name="test_zz_cleanup_log_entries" time="0.000" /></testsuite></testsuites>