<?xml version="1.0" encoding="utf-8"?><testsuites name="pytest tests"><testsuite name="pytest" errors="0" failures="0" skipped="0" tests="22" time="3.893" timestamp="2026-04-23T23:53:51.809632+00:00" hostname="agent-env-4feb7014-82f7-4583-8709-fe4494151ba6"><testcase classname="backend.tests.test_iteration17_faz8_faz9.TestReturnsReports" name="test_returns_by_size_admin_ok" time="0.629" /><testcase classname="backend.tests.test_iteration17_faz8_faz9.TestReturnsReports" name="test_returns_by_size_requires_auth" time="0.123" /><testcase classname="backend.tests.test_iteration17_faz8_faz9.TestReturnsReports" name="test_returns_by_product_structure" time="0.145" /><testcase classname="backend.tests.test_iteration17_faz8_faz9.TestReturnsReports" name="test_returns_reasons" time="0.123" /><testcase classname="backend.tests.test_iteration17_faz8_faz9.TestFastSelling" name="test_fast_selling_default" time="0.109" /><testcase classname="backend.tests.test_iteration17_faz8_faz9.TestFastSelling" name="test_fast_selling_window_days_below_range" time="0.154" /><testcase classname="backend.tests.test_iteration17_faz8_faz9.TestFastSelling" name="test_fast_selling_window_days_above_range" time="0.116" /><testcase classname="backend.tests.test_iteration17_faz8_faz9.TestManufacturerPerformance" name="test_endpoint_ok" time="0.109" /><testcase classname="backend.tests.test_iteration17_faz8_faz9.TestManufacturerPerformance" name="test_requires_auth" time="0.106" /><testcase classname="backend.tests.test_iteration17_faz8_faz9.TestMarketingPixels" name="test_providers_list" time="0.110" /><testcase classname="backend.tests.test_iteration17_faz8_faz9.TestMarketingPixels" name="test_list_admin_auth" time="0.113" /><testcase classname="backend.tests.test_iteration17_faz8_faz9.TestMarketingPixels" name="test_list_no_auth_forbidden" time="0.106" /><testcase classname="backend.tests.test_iteration17_faz8_faz9.TestMarketingPixels" name="test_create_ga4_auto_template" time="0.112" /><testcase classname="backend.tests.test_iteration17_faz8_faz9.TestMarketingPixels" name="test_create_meta_auto_template" time="0.110" /><testcase classname="backend.tests.test_iteration17_faz8_faz9.TestMarketingPixels" name="test_create_custom_manual_snippet" time="0.104" /><testcase classname="backend.tests.test_iteration17_faz8_faz9.TestMarketingPixels" name="test_invalid_provider" time="0.108" /><testcase classname="backend.tests.test_iteration17_faz8_faz9.TestMarketingPixels" name="test_update_existing" time="0.145" /><testcase classname="backend.tests.test_iteration17_faz8_faz9.TestMarketingPixels" name="test_update_nonexistent_returns_404" time="0.125" /><testcase classname="backend.tests.test_iteration17_faz8_faz9.TestMarketingPixels" name="test_active_public_no_auth" time="0.131" /><testcase classname="backend.tests.test_iteration17_faz8_faz9.TestMarketingPixels" name="test_active_public_skips_inactive" time="0.216" /><testcase classname="backend.tests.test_iteration17_faz8_faz9.TestMarketingPixels" name="test_delete_nonexistent_returns_404" time="0.104" /><testcase classname="backend.tests.test_iteration17_faz8_faz9.TestMarketingPixels" name="test_zzz_delete_created_and_cleanup" time="0.686" /></testsuite></testsuites>