<?xml version="1.0" encoding="utf-8"?><testsuites name="pytest tests"><testsuite name="pytest" errors="0" failures="1" skipped="0" tests="16" time="3.137" timestamp="2026-06-03T16:38:47.208237+00:00" hostname="agent-env-2f18dd94-ef6e-41d6-9d40-10ccd28a263f"><testcase classname="backend.tests.test_iteration41_influencer" name="test_create_influencer_requires_auth" time="0.141" /><testcase classname="backend.tests.test_iteration41_influencer" name="test_create_influencer" time="0.516" /><testcase classname="backend.tests.test_iteration41_influencer" name="test_list_influencers" time="0.120" /><testcase classname="backend.tests.test_iteration41_influencer" name="test_list_influencers_filter" time="0.117" /><testcase classname="backend.tests.test_iteration41_influencer" name="test_get_influencer" time="0.124" /><testcase classname="backend.tests.test_iteration41_influencer" name="test_update_influencer" time="0.148" /><testcase classname="backend.tests.test_iteration41_influencer" name="test_create_campaign_default_directives" time="0.116" /><testcase classname="backend.tests.test_iteration41_influencer" name="test_list_campaigns" time="0.155" /><testcase classname="backend.tests.test_iteration41_influencer" name="test_update_campaign" time="0.115" /><testcase classname="backend.tests.test_iteration41_influencer" name="test_confirm_share" time="0.145" /><testcase classname="backend.tests.test_iteration41_influencer" name="test_cargo_no_500" time="0.182"><failure message="AssertionError: cargo returned 500: {&quot;detail&quot;:&quot;Internal Server Error&quot;,&quot;error_id&quot;:&quot;see /admin/system-health&quot;}&#10;assert 500 != 500&#10; +  where 500 = &lt;Response [500]&gt;.status_code">backend/tests/test_iteration41_influencer.py:160: in test_cargo_no_500
    assert r.status_code != 500, f"cargo returned 500: {r.text}"
E   AssertionError: cargo returned 500: {"detail":"Internal Server Error","error_id":"see /admin/system-health"}
E   assert 500 != 500
E    +  where 500 = &lt;Response [500]&gt;.status_code</failure></testcase><testcase classname="backend.tests.test_iteration41_influencer" name="test_cargo_webhook_no_match" time="0.141" /><testcase classname="backend.tests.test_iteration41_influencer" name="test_cargo_webhook_with_match" time="0.403" /><testcase classname="backend.tests.test_iteration41_influencer" name="test_order_linked_via_coupon" time="0.148" /><testcase classname="backend.tests.test_iteration41_influencer" name="test_roi" time="0.137" /><testcase classname="backend.tests.test_iteration41_influencer" name="test_zzz_delete_influencer_cascades" time="0.249" /></testsuite></testsuites>