<?xml version="1.0" encoding="utf-8"?><testsuites name="pytest tests"><testsuite name="pytest" errors="0" failures="0" skipped="0" tests="24" time="15.427" timestamp="2026-05-08T14:03:48.456501+00:00" hostname="agent-env-e368488c-c1ef-48a1-a777-b4a53bdfab57"><testcase classname="backend.tests.test_iteration35_mobile_dogan.TestVersionCheck" name="test_ios_force_update" time="0.262" /><testcase classname="backend.tests.test_iteration35_mobile_dogan.TestVersionCheck" name="test_android_force_update" time="0.237" /><testcase classname="backend.tests.test_iteration35_mobile_dogan.TestVersionCheck" name="test_invalid_platform" time="0.164" /><testcase classname="backend.tests.test_iteration35_mobile_dogan.TestAppConfig" name="test_public_no_auth" time="0.141" /><testcase classname="backend.tests.test_iteration35_mobile_dogan.TestDevices" name="test_register_device" time="0.490" /><testcase classname="backend.tests.test_iteration35_mobile_dogan.TestDevices" name="test_register_same_device_again_is_not_new" time="0.149" /><testcase classname="backend.tests.test_iteration35_mobile_dogan.TestDevices" name="test_my_devices_lists_and_no_push_token" time="0.144" /><testcase classname="backend.tests.test_iteration35_mobile_dogan.TestDevices" name="test_unregister_device" time="0.123" /><testcase classname="backend.tests.test_iteration35_mobile_dogan.TestDevices" name="test_register_no_auth_returns_401" time="0.123" /><testcase classname="backend.tests.test_iteration35_mobile_dogan.TestAdminMobile" name="test_get_versions" time="0.510" /><testcase classname="backend.tests.test_iteration35_mobile_dogan.TestAdminMobile" name="test_post_versions" time="0.133" /><testcase classname="backend.tests.test_iteration35_mobile_dogan.TestAdminMobile" name="test_list_devices" time="0.180" /><testcase classname="backend.tests.test_iteration35_mobile_dogan.TestPushSend" name="test_push_send_mock_mode" time="0.536" /><testcase classname="backend.tests.test_iteration35_mobile_dogan.TestAdminGuard" name="test_customer_token_blocked_admin_versions" time="0.110" /><testcase classname="backend.tests.test_iteration35_mobile_dogan.TestAdminGuard" name="test_customer_token_blocked_admin_devices" time="0.124" /><testcase classname="backend.tests.test_iteration35_mobile_dogan.TestAdminGuard" name="test_customer_token_blocked_push" time="0.123" /><testcase classname="backend.tests.test_iteration35_mobile_dogan.TestDoganRefactor" name="test_dogan_settings_get" time="0.132" /><testcase classname="backend.tests.test_iteration35_mobile_dogan.TestDoganRefactor" name="test_dogan_settings_no_auth" time="0.128" /><testcase classname="backend.tests.test_iteration35_mobile_dogan.TestDoganRefactor" name="test_dogan_test_connection" time="4.084" /><testcase classname="backend.tests.test_iteration35_mobile_dogan.TestDoganRefactor" name="test_dogan_check_user" time="6.658" /><testcase classname="backend.tests.test_iteration35_mobile_dogan.TestDoganRefactor" name="test_dogan_check_user_missing_vkn" time="0.144" /><testcase classname="backend.tests.test_iteration35_mobile_dogan.TestRoutingRegression" name="test_trendyol_settings" time="0.138" /><testcase classname="backend.tests.test_iteration35_mobile_dogan.TestRoutingRegression" name="test_iyzico_settings" time="0.353" /><testcase classname="backend.tests.test_iteration35_mobile_dogan.TestRoutingRegression" name="test_hepsiburada_settings" time="0.137" /></testsuite></testsuites>