<?xml version="1.0" encoding="utf-8"?><testsuites name="pytest tests"><testsuite name="pytest" errors="0" failures="0" skipped="1" tests="15" time="57.764" timestamp="2026-05-09T18:21:10.128464+00:00" hostname="agent-env-e368488c-c1ef-48a1-a777-b4a53bdfab57"><testcase classname="backend.tests.test_iteration38_ai_assistant.TestGuards" name="test_no_token_401" time="0.315" /><testcase classname="backend.tests.test_iteration38_ai_assistant.TestGuards" name="test_customer_token_403" time="0.282"><skipped type="pytest.skip" message="Customer register/login failed; skipping guard test">/app/backend/tests/test_iteration38_ai_assistant.py:57: Customer register/login failed; skipping guard test</skipped></testcase><testcase classname="backend.tests.test_iteration38_ai_assistant.TestChatEndpoints" name="test_chat_teach_qa" time="8.922" /><testcase classname="backend.tests.test_iteration38_ai_assistant.TestChatEndpoints" name="test_chat_instruct" time="7.707" /><testcase classname="backend.tests.test_iteration38_ai_assistant.TestChatEndpoints" name="test_chat_ask_only" time="34.957" /><testcase classname="backend.tests.test_iteration38_ai_assistant.TestChatEndpoints" name="test_chat_empty_text_400" time="0.218" /><testcase classname="backend.tests.test_iteration38_ai_assistant.TestChatEndpoints" name="test_chat_history" time="0.116" /><testcase classname="backend.tests.test_iteration38_ai_assistant.TestBulkTrain" name="test_bulk_train_trendyol" time="0.160" /><testcase classname="backend.tests.test_iteration38_ai_assistant.TestBulkTrain" name="test_bulk_train_invalid_channel" time="0.120" /><testcase classname="backend.tests.test_iteration38_ai_assistant.TestBulkTrain" name="test_bulk_train_status" time="0.111" /><testcase classname="backend.tests.test_iteration38_ai_assistant.TestAutoAnswer" name="test_auto_answer_dry_run_no_waiting" time="0.130" /><testcase classname="backend.tests.test_iteration38_ai_assistant.TestAutoAnswer" name="test_auto_answer_invalid_channel" time="0.149" /><testcase classname="backend.tests.test_iteration38_ai_assistant.TestAutoAnswer" name="test_auto_answer_stats" time="0.147" /><testcase classname="backend.tests.test_iteration38_ai_assistant.TestEvaluate" name="test_evaluate_short_insufficient" time="4.211" /><testcase classname="backend.tests.test_iteration38_ai_assistant.TestEvaluate" name="test_evaluate_missing_fields" time="0.126" /></testsuite></testsuites>