<?xml version="1.0" encoding="utf-8"?><testsuites name="pytest tests"><testsuite name="pytest" errors="0" failures="0" skipped="0" tests="16" time="6.319" timestamp="2026-04-23T23:43:29.373101+00:00" hostname="agent-env-4feb7014-82f7-4583-8709-fe4494151ba6"><testcase classname="backend.tests.test_iteration16_production_plan.TestProductsFaz7Fields" name="test_create_product_with_new_fields" time="0.672" /><testcase classname="backend.tests.test_iteration16_production_plan.TestProductsFaz7Fields" name="test_update_product_collection_color" time="0.380" /><testcase classname="backend.tests.test_iteration16_production_plan.TestProductionPlanCRUD" name="test_create_empty_payload_seq_increments" time="0.421" /><testcase classname="backend.tests.test_iteration16_production_plan.TestProductionPlanCRUD" name="test_planned_delivery_auto_computed_payment_plus_21" time="0.114" /><testcase classname="backend.tests.test_iteration16_production_plan.TestProductionPlanCRUD" name="test_create_with_product_id_autofills" time="0.120" /><testcase classname="backend.tests.test_iteration16_production_plan.TestProductionPlanCRUD" name="test_create_with_manufacturer_autofills_name" time="0.244" /><testcase classname="backend.tests.test_iteration16_production_plan.TestProductionPlanCRUD" name="test_update_actual_delivery_delay_days" time="0.514" /><testcase classname="backend.tests.test_iteration16_production_plan.TestProductionPlanCRUD" name="test_qty_diff_pct" time="0.336" /><testcase classname="backend.tests.test_iteration16_production_plan.TestProductionPlanCRUD" name="test_update_payment_date_recomputes_planned" time="0.225" /><testcase classname="backend.tests.test_iteration16_production_plan.TestProductionPlanCRUD" name="test_update_nonexistent_id_404" time="0.111" /><testcase classname="backend.tests.test_iteration16_production_plan.TestProductionPlanCRUD" name="test_search_by_model_no" time="0.209" /><testcase classname="backend.tests.test_iteration16_production_plan.TestProductionPlanCRUD" name="test_filter_by_manufacturer_id" time="0.225" /><testcase classname="backend.tests.test_iteration16_production_plan.TestProductionPlanCRUD" name="test_collections_endpoint_distinct" time="0.210" /><testcase classname="backend.tests.test_iteration16_production_plan.TestProductionPlanCRUD" name="test_delete_row" time="0.324" /><testcase classname="backend.tests.test_iteration16_production_plan.TestProductionPlanCRUD" name="test_delete_nonexistent_returns_404" time="0.120" /><testcase classname="backend.tests.test_iteration16_production_plan.TestProductionPlanCRUD" name="test_product_autofill_after_update_uses_latest_values" time="1.997" /></testsuite></testsuites>