<?xml version="1.0" encoding="utf-8"?><testsuites name="pytest tests"><testsuite name="pytest" errors="0" failures="0" skipped="0" tests="9" time="2.952" timestamp="2026-04-24T00:08:03.862959+00:00" hostname="agent-env-4feb7014-82f7-4583-8709-fe4494151ba6"><testcase classname="backend.tests.test_iteration18_social_auth.TestProviders" name="test_providers_public_no_auth" time="0.700" /><testcase classname="backend.tests.test_iteration18_social_auth.TestSettingsAdmin" name="test_settings_requires_auth" time="0.129" /><testcase classname="backend.tests.test_iteration18_social_auth.TestSettingsAdmin" name="test_settings_returns_masked_secrets" time="0.266" /><testcase classname="backend.tests.test_iteration18_social_auth.TestSettingsAdmin" name="test_secret_preserved_when_masked_value_sent" time="0.266" /><testcase classname="backend.tests.test_iteration18_social_auth.TestProvidersAfterEnable" name="test_enable_apple_reflects_in_providers" time="0.265" /><testcase classname="backend.tests.test_iteration18_social_auth.TestAppleLogin" name="test_apple_disabled_returns_503" time="0.229" /><testcase classname="backend.tests.test_iteration18_social_auth.TestAppleLogin" name="test_apple_enabled_bogus_token_401" time="0.249" /><testcase classname="backend.tests.test_iteration18_social_auth.TestFacebookLogin" name="test_facebook_disabled_returns_503" time="0.285" /><testcase classname="backend.tests.test_iteration18_social_auth.TestFacebookLogin" name="test_facebook_enabled_invalid_code_401" time="0.497" /></testsuite></testsuites>