<?xml version="1.0" encoding="utf-8"?><testsuites name="pytest tests"><testsuite name="pytest" errors="0" failures="0" skipped="0" tests="46" time="4.690" timestamp="2026-04-23T13:20:08.324513+00:00" hostname="agent-env-95b4f4fe-1c76-47e3-b07d-06c8a0ac9b57"><testcase classname="backend.tests.test_iteration12_integrations.TestIyzico" name="test_get_settings_empty_shape" time="0.473" /><testcase classname="backend.tests.test_iteration12_integrations.TestIyzico" name="test_post_and_roundtrip" time="0.106" /><testcase classname="backend.tests.test_iteration12_integrations.TestIyzico" name="test_test_connection_with_settings" time="0.048" /><testcase classname="backend.tests.test_iteration12_integrations.TestIyzico" name="test_refund_validation_missing_body" time="0.048" /><testcase classname="backend.tests.test_iteration12_integrations.TestIyzico" name="test_refund_order_not_found" time="0.050" /><testcase classname="backend.tests.test_iteration12_integrations.TestIyzico" name="test_refund_order_without_payment_id" time="0.368" /><testcase classname="backend.tests.test_iteration12_integrations.TestTrendyol" name="test_settings_get" time="0.047" /><testcase classname="backend.tests.test_iteration12_integrations.TestTrendyol" name="test_settings_post_roundtrip" time="0.097" /><testcase classname="backend.tests.test_iteration12_integrations.TestTrendyol" name="test_status" time="0.046" /><testcase classname="backend.tests.test_iteration12_integrations.TestTrendyol" name="test_generic_test_connection_for_trendyol" time="0.050" /><testcase classname="backend.tests.test_iteration12_integrations.TestTrendyol" name="test_categories_local" time="0.117" /><testcase classname="backend.tests.test_iteration12_integrations.TestTrendyol" name="test_category_mappings" time="0.051" /><testcase classname="backend.tests.test_iteration12_integrations.TestTrendyol" name="test_claims_list" time="0.058" /><testcase classname="backend.tests.test_iteration12_integrations.TestTrendyol" name="test_questions_list" time="0.055" /><testcase classname="backend.tests.test_iteration12_integrations.TestTrendyol" name="test_sync_logs" time="0.046" /><testcase classname="backend.tests.test_iteration12_integrations.TestHepsiburadaTemu" name="test_get_settings[hepsiburada]" time="0.049" /><testcase classname="backend.tests.test_iteration12_integrations.TestHepsiburadaTemu" name="test_get_settings[temu]" time="0.050" /><testcase classname="backend.tests.test_iteration12_integrations.TestHepsiburadaTemu" name="test_post_settings_roundtrip[hepsiburada]" time="0.091" /><testcase classname="backend.tests.test_iteration12_integrations.TestHepsiburadaTemu" name="test_post_settings_roundtrip[temu]" time="0.094" /><testcase classname="backend.tests.test_iteration12_integrations.TestHepsiburadaTemu" name="test_status[hepsiburada]" time="0.047" /><testcase classname="backend.tests.test_iteration12_integrations.TestHepsiburadaTemu" name="test_status[temu]" time="0.048" /><testcase classname="backend.tests.test_iteration12_integrations.TestHepsiburadaTemu" name="test_test_connection[hepsiburada]" time="0.666" /><testcase classname="backend.tests.test_iteration12_integrations.TestHepsiburadaTemu" name="test_test_connection[temu]" time="0.060" /><testcase classname="backend.tests.test_iteration12_integrations.TestDogan" name="test_get_settings" time="0.052" /><testcase classname="backend.tests.test_iteration12_integrations.TestDogan" name="test_post_settings_roundtrip" time="0.093" /><testcase classname="backend.tests.test_iteration12_integrations.TestDogan" name="test_test_connection_without_creds" time="0.109" /><testcase classname="backend.tests.test_iteration12_integrations.TestDogan" name="test_check_user_without_vkn" time="0.228" /><testcase classname="backend.tests.test_iteration12_integrations.TestMarketplaceHub" name="test_list_marketplaces" time="0.051" /><testcase classname="backend.tests.test_iteration12_integrations.TestMarketplaceHub" name="test_trendyol_schema" time="0.056" /><testcase classname="backend.tests.test_iteration12_integrations.TestMarketplaceHub" name="test_unknown_schema_404" time="0.062" /><testcase classname="backend.tests.test_iteration12_integrations.TestMarketplaceHub" name="test_account_roundtrip" time="0.095" /><testcase classname="backend.tests.test_iteration12_integrations.TestMarketplaceHub" name="test_logs_summary" time="0.048" /><testcase classname="backend.tests.test_iteration12_integrations.TestMarketplaceHub" name="test_logs_test_seed" time="0.048" /><testcase classname="backend.tests.test_iteration12_integrations.TestMarketplaceHub" name="test_logs_list" time="0.049" /><testcase classname="backend.tests.test_iteration12_integrations.TestMarketplaceHub" name="test_auto_sync" time="0.048" /><testcase classname="backend.tests.test_iteration12_integrations.TestProviderSettings" name="test_einvoice_schemas" time="0.049" /><testcase classname="backend.tests.test_iteration12_integrations.TestProviderSettings" name="test_cargo_schemas" time="0.048" /><testcase classname="backend.tests.test_iteration12_integrations.TestProviderSettings" name="test_einvoice_config_roundtrip" time="0.120" /><testcase classname="backend.tests.test_iteration12_integrations.TestProviderSettings" name="test_einvoice_test" time="0.068" /><testcase classname="backend.tests.test_iteration12_integrations.TestProviderSettings" name="test_einvoice_test_missing" time="0.077" /><testcase classname="backend.tests.test_iteration12_integrations.TestProviderSettings" name="test_cargo_config_roundtrip" time="0.104" /><testcase classname="backend.tests.test_iteration12_integrations.TestProviderSettings" name="test_invalid_kind" time="0.048" /><testcase classname="backend.tests.test_iteration12_integrations.TestBulkOps" name="test_deactivate_on_marketplaces" time="0.055" /><testcase classname="backend.tests.test_iteration12_integrations.TestWebhooks" name="test_trendyol_webhook_empty" time="0.177" /><testcase classname="backend.tests.test_iteration12_integrations.TestWebhooks" name="test_trendyol_webhook_order_status" time="0.123" /><testcase classname="backend.tests.test_iteration12_integrations" name="test_zz_cleanup_log_entries" time="0.000" /></testsuite></testsuites>