<?xml version="1.0" encoding="utf-8"?><testsuites name="pytest tests"><testsuite name="pytest" errors="0" failures="0" skipped="0" tests="4" time="2.018" timestamp="2026-06-04T18:41:31.665573+00:00" hostname="agent-env-4c840528-d518-4fc2-9d78-cdecf8330071"><testcase classname="backend.tests.test_iteration44_ticimax_113.TestTicimaxSchema" name="test_requires_auth" time="0.298" /><testcase classname="backend.tests.test_iteration44_ticimax_113.TestTicimaxSchema" name="test_schema_structure" time="0.526" /><testcase classname="backend.tests.test_iteration44_ticimax_113.TestProductTicimaxFields" name="test_matched_product_has_113_keys" time="0.456" /><testcase classname="backend.tests.test_iteration44_ticimax_113.TestTicimaxFieldsUpdatePersists" name="test_update_seo_field_persists" time="0.650" /></testsuite></testsuites>