<?xml version="1.0" encoding="utf-8"?><testsuites name="pytest tests"><testsuite name="pytest" errors="0" failures="0" skipped="0" tests="7" time="1.848" timestamp="2026-05-05T02:09:07.789141+00:00" hostname="agent-env-6ca2d6f8-afe5-4682-b745-57851615a64a"><testcase classname="backend.tests.test_iteration20_combine_cart_suggestions.TestCartSuggestions" name="test_empty_body_returns_fallback_items" time="0.141" /><testcase classname="backend.tests.test_iteration20_combine_cart_suggestions.TestCartSuggestions" name="test_with_product_ids_returns_suggestions" time="0.383" /><testcase classname="backend.tests.test_iteration20_combine_cart_suggestions.TestCombineProducts" name="test_put_and_get_combine_products" time="0.612" /><testcase classname="backend.tests.test_iteration20_combine_cart_suggestions.TestCombineProducts" name="test_self_reference_is_filtered" time="0.120" /><testcase classname="backend.tests.test_iteration20_combine_cart_suggestions.TestCombineProducts" name="test_trimmed_to_12" time="0.298" /><testcase classname="backend.tests.test_iteration20_combine_cart_suggestions.TestTicimaxMembers" name="test_members_endpoint" time="0.141" /><testcase classname="backend.tests.test_iteration20_combine_cart_suggestions.TestTicimaxMembers" name="test_db_has_10k_ticimax_customers" time="0.011" /></testsuite></testsuites>