<?xml version="1.0" encoding="utf-8"?><testsuites name="pytest tests"><testsuite name="pytest" errors="0" failures="0" skipped="0" tests="29" time="7.871" timestamp="2026-05-08T11:24:11.371401+00:00" hostname="agent-env-e368488c-c1ef-48a1-a777-b4a53bdfab57"><testcase classname="backend.tests.test_iteration34_security_dashboard.TestSecuritySummary" name="test_summary_admin_ok" time="0.519" /><testcase classname="backend.tests.test_iteration34_security_dashboard.TestSecuritySummary" name="test_summary_no_token_401" time="0.130" /><testcase classname="backend.tests.test_iteration34_security_dashboard.TestSecuritySummary" name="test_summary_customer_token_403" time="0.462" /><testcase classname="backend.tests.test_iteration34_security_dashboard.TestTopFailedEmails" name="test_top_failed_emails" time="0.106" /><testcase classname="backend.tests.test_iteration34_security_dashboard.TestTopFailedIps" name="test_top_failed_ips" time="0.124" /><testcase classname="backend.tests.test_iteration34_security_dashboard.TestTimeline" name="test_timeline" time="0.112" /><testcase classname="backend.tests.test_iteration34_security_dashboard.TestRecentEvents" name="test_recent_events_no_filter" time="0.108" /><testcase classname="backend.tests.test_iteration34_security_dashboard.TestRecentEvents" name="test_recent_events_filter_failed_login" time="0.149" /><testcase classname="backend.tests.test_iteration34_security_dashboard.TestUnlockUser" name="test_unlock_user_full_cycle" time="3.669" /><testcase classname="backend.tests.test_iteration34_security_dashboard.TestUnlockUser" name="test_unlock_user_missing_email" time="0.106" /><testcase classname="backend.tests.test_iteration34_security_dashboard.TestAuthGuards" name="test_no_token_unauthorized[/admin/security/summary]" time="0.111" /><testcase classname="backend.tests.test_iteration34_security_dashboard.TestAuthGuards" name="test_no_token_unauthorized[/admin/security/top-failed-emails]" time="0.117" /><testcase classname="backend.tests.test_iteration34_security_dashboard.TestAuthGuards" name="test_no_token_unauthorized[/admin/security/top-failed-ips]" time="0.107" /><testcase classname="backend.tests.test_iteration34_security_dashboard.TestAuthGuards" name="test_no_token_unauthorized[/admin/security/timeline]" time="0.121" /><testcase classname="backend.tests.test_iteration34_security_dashboard.TestAuthGuards" name="test_no_token_unauthorized[/admin/security/recent-events]" time="0.119" /><testcase classname="backend.tests.test_iteration34_security_dashboard.TestAuthGuards" name="test_customer_token_forbidden[/admin/security/summary]" time="0.100" /><testcase classname="backend.tests.test_iteration34_security_dashboard.TestAuthGuards" name="test_customer_token_forbidden[/admin/security/top-failed-emails]" time="0.111" /><testcase classname="backend.tests.test_iteration34_security_dashboard.TestAuthGuards" name="test_customer_token_forbidden[/admin/security/top-failed-ips]" time="0.123" /><testcase classname="backend.tests.test_iteration34_security_dashboard.TestAuthGuards" name="test_customer_token_forbidden[/admin/security/timeline]" time="0.144" /><testcase classname="backend.tests.test_iteration34_security_dashboard.TestAuthGuards" name="test_customer_token_forbidden[/admin/security/recent-events]" time="0.106" /><testcase classname="backend.tests.test_iteration34_security_dashboard.TestAuthGuards" name="test_unlock_customer_forbidden" time="0.129" /><testcase classname="backend.tests.test_iteration34_security_dashboard.TestTrendyolQuestionsSync" name="test_questions_sync_no_config" time="0.211" /><testcase classname="backend.tests.test_iteration34_security_dashboard.TestTrendyolQuestionsSync" name="test_code_review_date_params_present" time="0.001" /><testcase classname="backend.tests.test_iteration34_security_dashboard.TestTrendyolReviewsScrape" name="test_invalid_url_no_trendyol" time="0.111" /><testcase classname="backend.tests.test_iteration34_security_dashboard.TestTrendyolReviewsScrape" name="test_invalid_url_no_p_id" time="0.128" /><testcase classname="backend.tests.test_iteration34_security_dashboard.TestTrendyolReviewsScrape" name="test_valid_url_network_blocked_500" time="0.170" /><testcase classname="backend.tests.test_iteration34_security_dashboard.TestTrendyolReviewsScrape" name="test_missing_token_unauthorized" time="0.105" /><testcase classname="backend.tests.test_iteration34_security_dashboard.TestTrendyolReviewsScrapeBulk" name="test_bulk_validation_and_error_propagation" time="0.151" /><testcase classname="backend.tests.test_iteration34_security_dashboard.TestTrendyolReviewsScrapeBulk" name="test_bulk_max_50_items" time="0.148" /></testsuite></testsuites>