<?xml version="1.0" encoding="utf-8"?><testsuites name="pytest tests"><testsuite name="pytest" errors="0" failures="0" skipped="0" tests="14" time="2.923" timestamp="2026-06-04T21:07:23.977354+00:00" hostname="agent-env-519aa1cf-1be0-40f1-a780-7d077405fb94"><testcase classname="backend.tests.test_iteration46_advanced_filters.TestFilterOptions" name="test_requires_admin" time="0.281" /><testcase classname="backend.tests.test_iteration46_advanced_filters.TestFilterOptions" name="test_payload_shape" time="0.472" /><testcase classname="backend.tests.test_iteration46_advanced_filters.TestAdvancedFilters" name="test_status_all_baseline" time="0.129" /><testcase classname="backend.tests.test_iteration46_advanced_filters.TestAdvancedFilters" name="test_supplier_miss_perry" time="0.146" /><testcase classname="backend.tests.test_iteration46_advanced_filters.TestAdvancedFilters" name="test_tf_vitrin_split" time="0.236" /><testcase classname="backend.tests.test_iteration46_advanced_filters.TestAdvancedFilters" name="test_min_max_price_range" time="0.155" /><testcase classname="backend.tests.test_iteration46_advanced_filters.TestAdvancedFilters" name="test_attr_key_value_bol" time="0.118" /><testcase classname="backend.tests.test_iteration46_advanced_filters.TestAdvancedFilters" name="test_discounted_flag" time="0.106" /><testcase classname="backend.tests.test_iteration46_advanced_filters.TestAdvancedFilters" name="test_has_image_zero" time="0.119" /><testcase classname="backend.tests.test_iteration46_advanced_filters.TestAdvancedFilters" name="test_multi_barcode" time="0.123" /><testcase classname="backend.tests.test_iteration46_advanced_filters.TestAdvancedFilters" name="test_has_variants" time="0.118" /><testcase classname="backend.tests.test_iteration46_advanced_filters.TestAdvancedFilters" name="test_tfmin_alisfiyati" time="0.122" /><testcase classname="backend.tests.test_iteration46_advanced_filters.TestAdvancedFilters" name="test_urun_karti_id_1221" time="0.130" /><testcase classname="backend.tests.test_iteration46_advanced_filters.TestAdvancedFilters" name="test_extra_text_filters_no_error" time="0.592" /></testsuite></testsuites>