<?xml version="1.0" encoding="utf-8"?><testsuites name="pytest tests"><testsuite name="pytest" errors="0" failures="0" skipped="0" tests="16" time="1.393" timestamp="2026-05-06T00:00:28.793649+00:00" hostname="agent-env-47025fb4-5920-429c-87c8-f471b7c08613"><testcase classname="backend.tests.test_iteration22_dogan_ubl_smoke" name="test_ubl_is_well_formed" time="0.074" /><testcase classname="backend.tests.test_iteration22_dogan_ubl_smoke" name="test_ubl_required_header_fields" time="0.001" /><testcase classname="backend.tests.test_iteration22_dogan_ubl_smoke" name="test_ubl_signature_block_present" time="0.001" /><testcase classname="backend.tests.test_iteration22_dogan_ubl_smoke" name="test_ubl_delivery_carrier_party" time="0.001" /><testcase classname="backend.tests.test_iteration22_dogan_ubl_smoke" name="test_ubl_payment_means_present" time="0.001" /><testcase classname="backend.tests.test_iteration22_dogan_ubl_smoke" name="test_ubl_additional_doc_references" time="0.001" /><testcase classname="backend.tests.test_iteration22_dogan_ubl_smoke" name="test_ubl_invoiced_quantity_unit_code" time="0.001" /><testcase classname="backend.tests.test_iteration22_dogan_ubl_smoke" name="test_ubl_legal_monetary_total" time="0.001" /><testcase classname="backend.tests.test_iteration22_dogan_ubl_smoke" name="test_ubl_individual_customer_block_used" time="0.001" /><testcase classname="backend.tests.test_iteration22_dogan_ubl_smoke" name="test_ubl_corporate_customer_block_used" time="0.001" /><testcase classname="backend.tests.test_iteration22_dogan_ubl_smoke" name="test_api_root" time="0.169" /><testcase classname="backend.tests.test_iteration22_dogan_ubl_smoke" name="test_products_public" time="0.140" /><testcase classname="backend.tests.test_iteration22_dogan_ubl_smoke" name="test_orders_admin_auth_required" time="0.139" /><testcase classname="backend.tests.test_iteration22_dogan_ubl_smoke" name="test_orders_admin_with_auth" time="0.588" /><testcase classname="backend.tests.test_iteration22_dogan_ubl_smoke" name="test_settings_admin" time="0.136" /><testcase classname="backend.tests.test_iteration22_dogan_ubl_smoke" name="test_dogan_settings_exists_in_db" time="0.073" /></testsuite></testsuites>