<?xml version="1.0" encoding="utf-8"?><testsuites name="pytest tests"><testsuite name="pytest" errors="0" failures="0" skipped="0" tests="9" time="2.733" timestamp="2026-06-06T13:04:18.365586+00:00" hostname="agent-env-916bdcd8-6c1c-4be9-9ea9-a854df0a24d5"><testcase classname="backend.tests.test_iteration48_r2_migration.TestAuth" name="test_admin_login_query_params" time="0.337" /><testcase classname="backend.tests.test_iteration48_r2_migration.TestProducts" name="test_total_active_products_count" time="0.053" /><testcase classname="backend.tests.test_iteration48_r2_migration.TestProducts" name="test_total_all_products_count" time="0.328" /><testcase classname="backend.tests.test_iteration48_r2_migration.TestProducts" name="test_product_images_are_r2" time="0.131" /><testcase classname="backend.tests.test_iteration48_r2_migration.TestProducts" name="test_pdp_by_slug_has_r2_gallery" time="0.050" /><testcase classname="backend.tests.test_iteration48_r2_migration.TestBanners" name="test_banners_use_r2" time="0.051" /><testcase classname="backend.tests.test_iteration48_r2_migration.TestUpload" name="test_legacy_files_redirect_to_r2" time="0.307" /><testcase classname="backend.tests.test_iteration48_r2_migration.TestUpload" name="test_upload_image_returns_absolute_r2_url" time="1.326" /><testcase classname="backend.tests.test_iteration48_r2_migration.TestAdminProductsList" name="test_admin_products_with_slugs" time="0.084" /></testsuite></testsuites>