<?xml version="1.0" encoding="utf-8"?><testsuites name="pytest tests"><testsuite name="pytest" errors="0" failures="0" skipped="0" tests="25" time="9.925" timestamp="2026-05-08T11:03:20.591583+00:00" hostname="agent-env-e368488c-c1ef-48a1-a777-b4a53bdfab57"><testcase classname="tests.test_security_iter33.TestAdminLogin" name="test_admin_login_success" time="0.386" /><testcase classname="tests.test_security_iter33.TestAdminLogin" name="test_token_payload_claims" time="0.371" /><testcase classname="tests.test_security_iter33.TestJWTStrict" name="test_alg_none_token_rejected" time="0.491" /><testcase classname="tests.test_security_iter33.TestJWTStrict" name="test_expired_token_rejected" time="0.147" /><testcase classname="tests.test_security_iter33.TestJWTStrict" name="test_wrong_issuer_rejected" time="0.128" /><testcase classname="tests.test_security_iter33.TestJWTStrict" name="test_invalid_signature_rejected" time="0.478" /><testcase classname="tests.test_security_iter33.TestNoSQLInjection" name="test_email_with_operators_rejected[{&quot;$ne&quot;:null}]" time="0.133" /><testcase classname="tests.test_security_iter33.TestNoSQLInjection" name="test_email_with_operators_rejected[{&quot;$gt&quot;:&quot;&quot;}]" time="0.150" /><testcase classname="tests.test_security_iter33.TestNoSQLInjection" name="test_email_with_operators_rejected[$ne]" time="0.129" /><testcase classname="tests.test_security_iter33.TestNoSQLInjection" name="test_email_with_operators_rejected[{}]" time="0.133" /><testcase classname="tests.test_security_iter33.TestNoSQLInjection" name="test_email_with_operators_rejected[admin@facette.com${&quot;$ne&quot;:null}]" time="0.146" /><testcase classname="tests.test_security_iter33.TestAccountLockout" name="test_lockout_after_5_failures" time="1.368" /><testcase classname="tests.test_security_iter33.TestRateLimit" name="test_login_rate_limit_per_ip" time="0.043" /><testcase classname="tests.test_security_iter33.TestRateLimit" name="test_register_rate_limit" time="1.139" /><testcase classname="tests.test_security_iter33.TestRateLimit" name="test_forgot_otp_rate_limit" time="0.232" /><testcase classname="tests.test_security_iter33.TestAuditLog" name="test_login_success_audit" time="0.890" /><testcase classname="tests.test_security_iter33.TestAuditLog" name="test_login_fail_audit" time="0.507" /><testcase classname="tests.test_security_iter33.TestSecurityHeaders" name="test_headers_present_on_api_route" time="0.129" /><testcase classname="tests.test_security_iter33.TestCORS" name="test_disallowed_origin_not_reflected" time="0.003" /><testcase classname="tests.test_security_iter33.TestCORS" name="test_allowed_origin_reflected" time="0.003" /><testcase classname="tests.test_security_iter33.TestChangePassword" name="test_change_password_flow" time="2.012" /><testcase classname="tests.test_security_iter33.TestBcrypt" name="test_register_uses_bcrypt_12_rounds" time="0.227" /><testcase classname="tests.test_security_iter33.TestBcrypt" name="test_legacy_md5_hash_rejected" time="0.007" /><testcase classname="tests.test_security_iter33.TestAdminGuard" name="test_customer_token_blocked_on_admin_endpoint" time="0.352" /><testcase classname="tests.test_security_iter33.TestAdminGuard" name="test_no_token_unauthorized" time="0.158" /></testsuite></testsuites>