<?xml version="1.0" encoding="utf-8"?><testsuites name="pytest tests"><testsuite name="pytest" errors="0" failures="0" skipped="0" tests="20" time="4.692" timestamp="2026-05-09T22:09:18.516409+00:00" hostname="agent-env-b8058f7d-9d53-4686-9df8-574776a32228"><testcase classname="backend.tests.test_iteration39_vault_health.TestSanity" name="test_products_endpoint_alive" time="0.187" /><testcase classname="backend.tests.test_iteration39_vault_health.TestSanity" name="test_login_with_wrong_password" time="0.344" /><testcase classname="backend.tests.test_iteration39_vault_health.TestSystemHealth" name="test_health" time="0.480" /><testcase classname="backend.tests.test_iteration39_vault_health.TestSystemHealth" name="test_health_requires_admin" time="0.132" /><testcase classname="backend.tests.test_iteration39_vault_health.TestSystemHealth" name="test_errors_paginated" time="0.126" /><testcase classname="backend.tests.test_iteration39_vault_health.TestSystemHealth" name="test_errors_with_level_filter" time="0.110" /><testcase classname="backend.tests.test_iteration39_vault_health.TestSystemHealth" name="test_errors_filter_no_response_artifact" time="0.110" /><testcase classname="backend.tests.test_iteration39_vault_health.TestSystemHealth" name="test_alerts_list" time="0.131" /><testcase classname="backend.tests.test_iteration39_vault_health.TestSystemHealth" name="test_circuits" time="0.117" /><testcase classname="backend.tests.test_iteration39_vault_health.TestSystemHealth" name="test_cache_stats" time="0.108" /><testcase classname="backend.tests.test_iteration39_vault_health.TestAlerts" name="test_fire_test_alert_super_admin" time="0.225" /><testcase classname="backend.tests.test_iteration39_vault_health.TestAlerts" name="test_alert_appears_and_can_be_marked_read" time="1.327" /><testcase classname="backend.tests.test_iteration39_vault_health.TestSecretsVault" name="test_upsert_secret" time="0.108" /><testcase classname="backend.tests.test_iteration39_vault_health.TestSecretsVault" name="test_list_secrets_masked" time="0.129" /><testcase classname="backend.tests.test_iteration39_vault_health.TestSecretsVault" name="test_reveal_secret_super_admin" time="0.108" /><testcase classname="backend.tests.test_iteration39_vault_health.TestSecretsVault" name="test_db_value_is_encrypted" time="0.104" /><testcase classname="backend.tests.test_iteration39_vault_health.TestSecretsVault" name="test_non_super_admin_forbidden_on_vault_write" time="0.107" /><testcase classname="backend.tests.test_iteration39_vault_health.TestSecretsVault" name="test_reveal_requires_auth" time="0.105" /><testcase classname="backend.tests.test_iteration39_vault_health.TestSecretsVault" name="test_delete_secret" time="0.256" /><testcase classname="backend.tests.test_iteration39_vault_health.TestRegression" name="test_security_overview_alive" time="0.276" /></testsuite></testsuites>