<?xml version="1.0" encoding="utf-8"?><testsuites name="pytest tests"><testsuite name="pytest" errors="0" failures="0" skipped="0" tests="25" time="5.625" timestamp="2026-03-22T02:22:50.055080+00:00" hostname="agent-env-e6e202d9-6318-49de-a49e-39078f114913"><testcase classname="backend.tests.test_ecommerce_api.TestHealthAndBasicEndpoints" name="test_api_root" time="0.276" /><testcase classname="backend.tests.test_ecommerce_api.TestHealthAndBasicEndpoints" name="test_settings_endpoint" time="0.139" /><testcase classname="backend.tests.test_ecommerce_api.TestAuthentication" name="test_admin_login_success" time="0.345" /><testcase classname="backend.tests.test_ecommerce_api.TestAuthentication" name="test_login_invalid_credentials" time="0.135" /><testcase classname="backend.tests.test_ecommerce_api.TestAuthentication" name="test_auth_me_without_token" time="0.117" /><testcase classname="backend.tests.test_ecommerce_api.TestAuthentication" name="test_auth_me_with_token" time="0.431" /><testcase classname="backend.tests.test_ecommerce_api.TestAuthentication" name="test_user_registration" time="0.367" /><testcase classname="backend.tests.test_ecommerce_api.TestProducts" name="test_get_products_list" time="0.111" /><testcase classname="backend.tests.test_ecommerce_api.TestProducts" name="test_get_products_with_pagination" time="0.116" /><testcase classname="backend.tests.test_ecommerce_api.TestProducts" name="test_get_products_by_category" time="0.109" /><testcase classname="backend.tests.test_ecommerce_api.TestProducts" name="test_get_products_search" time="0.112" /><testcase classname="backend.tests.test_ecommerce_api.TestProducts" name="test_get_new_products" time="0.112" /><testcase classname="backend.tests.test_ecommerce_api.TestProducts" name="test_get_single_product" time="0.211" /><testcase classname="backend.tests.test_ecommerce_api.TestProducts" name="test_get_product_not_found" time="0.141" /><testcase classname="backend.tests.test_ecommerce_api.TestCategories" name="test_get_categories" time="0.118" /><testcase classname="backend.tests.test_ecommerce_api.TestMenu" name="test_get_menu" time="0.113" /><testcase classname="backend.tests.test_ecommerce_api.TestBanners" name="test_get_banners" time="0.127" /><testcase classname="backend.tests.test_ecommerce_api.TestAdminEndpoints" name="test_admin_dashboard_stats" time="0.551" /><testcase classname="backend.tests.test_ecommerce_api.TestAdminEndpoints" name="test_admin_dashboard_without_auth" time="0.131" /><testcase classname="backend.tests.test_ecommerce_api.TestAdminEndpoints" name="test_admin_products_list" time="0.445" /><testcase classname="backend.tests.test_ecommerce_api.TestAdminEndpoints" name="test_admin_products_search" time="0.470" /><testcase classname="backend.tests.test_ecommerce_api.TestAdminEndpoints" name="test_admin_orders_list" time="0.461" /><testcase classname="backend.tests.test_ecommerce_api.TestStaticPages" name="test_get_pages" time="0.112" /><testcase classname="backend.tests.test_ecommerce_api.TestStaticPages" name="test_get_page_by_slug" time="0.100" /><testcase classname="backend.tests.test_ecommerce_api.TestCampaigns" name="test_get_campaigns" time="0.107" /></testsuite></testsuites>