<?xml version="1.0" encoding="utf-8"?><testsuites name="pytest tests"><testsuite name="pytest" errors="0" failures="0" skipped="0" tests="20" time="3.440" timestamp="2026-03-22T03:56:43.303636+00:00" hostname="agent-env-fa8e040f-8e35-4faa-a681-fb27aedb737b"><testcase classname="backend.tests.test_new_features.TestCargoCompanies" name="test_get_cargo_companies" time="0.131" /><testcase classname="backend.tests.test_new_features.TestSimilarProducts" name="test_get_similar_products_by_id" time="0.224" /><testcase classname="backend.tests.test_new_features.TestSimilarProducts" name="test_get_similar_products_by_slug" time="0.109" /><testcase classname="backend.tests.test_new_features.TestSimilarProducts" name="test_similar_products_not_found" time="0.115" /><testcase classname="backend.tests.test_new_features.TestComboProducts" name="test_get_combo_products_by_id" time="0.113" /><testcase classname="backend.tests.test_new_features.TestComboProducts" name="test_get_combo_products_by_slug" time="0.123" /><testcase classname="backend.tests.test_new_features.TestComboProducts" name="test_combo_products_not_found" time="0.113" /><testcase classname="backend.tests.test_new_features.TestShipOrder" name="test_ship_order_success" time="0.524" /><testcase classname="backend.tests.test_new_features.TestShipOrder" name="test_ship_order_different_companies" time="0.447" /><testcase classname="backend.tests.test_new_features.TestShipOrder" name="test_ship_order_invalid_company" time="0.150" /><testcase classname="backend.tests.test_new_features.TestShipOrder" name="test_ship_order_not_found" time="0.106" /><testcase classname="backend.tests.test_new_features.TestShipOrder" name="test_ship_order_without_auth" time="0.101" /><testcase classname="backend.tests.test_new_features.TestProductVariants" name="test_add_variant_to_product" time="0.101" /><testcase classname="backend.tests.test_new_features.TestProductVariants" name="test_add_variant_without_auth" time="0.162" /><testcase classname="backend.tests.test_new_features.TestProductVariants" name="test_add_variant_to_nonexistent_product" time="0.097" /><testcase classname="backend.tests.test_new_features.TestOrderTracking" name="test_track_order_by_id" time="0.107" /><testcase classname="backend.tests.test_new_features.TestOrderTracking" name="test_track_order_by_number" time="0.117" /><testcase classname="backend.tests.test_new_features.TestOrderTracking" name="test_track_nonexistent_order" time="0.101" /><testcase classname="backend.tests.test_new_features.TestSetSimilarComboProducts" name="test_set_similar_products" time="0.236" /><testcase classname="backend.tests.test_new_features.TestSetSimilarComboProducts" name="test_set_combo_products" time="0.209" /></testsuite></testsuites>