<?xml version="1.0" encoding="utf-8"?><testsuites name="pytest tests"><testsuite name="pytest" errors="0" failures="0" skipped="0" tests="19" time="2.545" timestamp="2026-03-22T04:09:55.006566+00:00" hostname="agent-env-fa8e040f-8e35-4faa-a681-fb27aedb737b"><testcase classname="backend.tests.test_mng_cargo_labels.TestCargoLabelEndpoint" name="test_cargo_label_returns_html" time="0.482" /><testcase classname="backend.tests.test_mng_cargo_labels.TestCargoLabelEndpoint" name="test_cargo_label_has_correct_dimensions" time="0.108" /><testcase classname="backend.tests.test_mng_cargo_labels.TestCargoLabelEndpoint" name="test_cargo_label_has_top_barcode" time="0.122" /><testcase classname="backend.tests.test_mng_cargo_labels.TestCargoLabelEndpoint" name="test_cargo_label_has_bottom_barcode" time="0.109" /><testcase classname="backend.tests.test_mng_cargo_labels.TestCargoLabelEndpoint" name="test_cargo_label_has_sender_info" time="0.114" /><testcase classname="backend.tests.test_mng_cargo_labels.TestCargoLabelEndpoint" name="test_cargo_label_has_receiver_info" time="0.123" /><testcase classname="backend.tests.test_mng_cargo_labels.TestCargoLabelEndpoint" name="test_cargo_label_has_cargo_info" time="0.110" /><testcase classname="backend.tests.test_mng_cargo_labels.TestCargoLabelEndpoint" name="test_cargo_label_not_found_order" time="0.101" /><testcase classname="backend.tests.test_mng_cargo_labels.TestBulkLabelsEndpoint" name="test_bulk_labels_returns_html" time="0.118" /><testcase classname="backend.tests.test_mng_cargo_labels.TestBulkLabelsEndpoint" name="test_bulk_labels_has_page_breaks" time="0.104" /><testcase classname="backend.tests.test_mng_cargo_labels.TestBulkLabelsEndpoint" name="test_bulk_labels_multiple_orders" time="0.105" /><testcase classname="backend.tests.test_mng_cargo_labels.TestBulkLabelsEndpoint" name="test_bulk_labels_empty_list" time="0.128" /><testcase classname="backend.tests.test_mng_cargo_labels.TestMNGShipmentEndpoint" name="test_mng_shipment_endpoint_exists" time="0.116" /><testcase classname="backend.tests.test_mng_cargo_labels.TestMNGShipmentEndpoint" name="test_mng_shipment_requires_auth" time="0.107" /><testcase classname="backend.tests.test_mng_cargo_labels.TestCargoCompaniesEndpoint" name="test_cargo_companies_list" time="0.097" /><testcase classname="backend.tests.test_mng_cargo_labels.TestOrderTrackingEndpoint" name="test_order_tracking" time="0.111" /><testcase classname="backend.tests.test_mng_cargo_labels.TestOrderTrackingEndpoint" name="test_order_tracking_not_found" time="0.117" /><testcase classname="backend.tests.test_mng_cargo_labels.TestLabelContentValidation" name="test_label_has_tracking_number" time="0.113" /><testcase classname="backend.tests.test_mng_cargo_labels.TestLabelContentValidation" name="test_label_is_printable" time="0.104" /></testsuite></testsuites>