<?xml version="1.0" encoding="utf-8"?><testsuites name="pytest tests"><testsuite name="pytest" errors="0" failures="0" skipped="0" tests="9" time="2.679" timestamp="2026-03-26T05:11:49.212769+00:00" hostname="agent-env-eaadad02-8200-4f8b-9a58-9b7e90f5b5b6"><testcase classname="backend.tests.test_iteration7_attributes.TestAttributeCleanup" name="test_get_attributes_count_is_44" time="0.589" /><testcase classname="backend.tests.test_iteration7_attributes.TestAttributeCleanup" name="test_hidden_attributes_exist_in_library" time="0.120" /><testcase classname="backend.tests.test_iteration7_attributes.TestAttributeCleanup" name="test_default_attributes_exist" time="0.113" /><testcase classname="backend.tests.test_iteration7_attributes.TestAttributeCleanup" name="test_cleanup_non_textile_endpoint_exists" time="0.114" /><testcase classname="backend.tests.test_iteration7_attributes.TestAttributeCleanup" name="test_bulk_set_defaults_endpoint_exists" time="0.104" /><testcase classname="backend.tests.test_iteration7_attributes.TestProductDefaultAttributes" name="test_existing_products_have_defaults" time="0.157" /><testcase classname="backend.tests.test_iteration7_attributes.TestMultiColorProductCreation" name="test_create_multi_color_product_via_api" time="0.695" /><testcase classname="backend.tests.test_iteration7_attributes.TestMultiColorProductCreation" name="test_single_color_product_gets_web_color" time="0.358" /><testcase classname="backend.tests.test_iteration7_attributes.TestNewProductDefaults" name="test_create_product_with_auto_defaults" time="0.343" /></testsuite></testsuites>