<?xml version="1.0" encoding="utf-8"?><testsuites name="pytest tests"><testsuite name="pytest" errors="0" failures="0" skipped="0" tests="26" time="5.932" timestamp="2026-03-22T13:09:58.738237+00:00" hostname="agent-env-c5d8c035-a570-481a-895b-92ce8ba3deb8"><testcase classname="tests.test_refactored_api.TestHealthAndRoot" name="test_health_endpoint" time="0.133" /><testcase classname="tests.test_refactored_api.TestHealthAndRoot" name="test_root_endpoint" time="0.098" /><testcase classname="tests.test_refactored_api.TestAuthEndpoints" name="test_login_with_valid_credentials" time="0.329" /><testcase classname="tests.test_refactored_api.TestAuthEndpoints" name="test_login_with_invalid_credentials" time="0.354" /><testcase classname="tests.test_refactored_api.TestAuthEndpoints" name="test_me_endpoint_with_token" time="0.566" /><testcase classname="tests.test_refactored_api.TestAuthEndpoints" name="test_me_endpoint_without_token" time="0.130" /><testcase classname="tests.test_refactored_api.TestProductsEndpoints" name="test_get_products_list" time="0.101" /><testcase classname="tests.test_refactored_api.TestProductsEndpoints" name="test_get_products_with_filters" time="0.121" /><testcase classname="tests.test_refactored_api.TestProductsEndpoints" name="test_get_single_product" time="0.207" /><testcase classname="tests.test_refactored_api.TestProductsEndpoints" name="test_create_product_requires_admin" time="0.096" /><testcase classname="tests.test_refactored_api.TestCategoriesEndpoints" name="test_get_categories" time="0.103" /><testcase classname="tests.test_refactored_api.TestCMSEndpoints" name="test_get_homepage_blocks" time="0.109" /><testcase classname="tests.test_refactored_api.TestCMSEndpoints" name="test_page_blocks_structure" time="0.105" /><testcase classname="tests.test_refactored_api.TestOrdersEndpoints" name="test_get_orders_requires_admin" time="0.102" /><testcase classname="tests.test_refactored_api.TestOrdersEndpoints" name="test_get_orders_with_admin" time="0.428" /><testcase classname="tests.test_refactored_api.TestOrdersEndpoints" name="test_create_order" time="0.443" /><testcase classname="tests.test_refactored_api.TestAdminEndpoints" name="test_dashboard_stats_requires_admin" time="0.096" /><testcase classname="tests.test_refactored_api.TestAdminEndpoints" name="test_dashboard_stats_with_admin" time="0.437" /><testcase classname="tests.test_refactored_api.TestCustomerEndpoints" name="test_my_orders_requires_auth" time="0.116" /><testcase classname="tests.test_refactored_api.TestCustomerEndpoints" name="test_my_orders_with_auth" time="0.446" /><testcase classname="tests.test_refactored_api.TestCustomerEndpoints" name="test_my_addresses_requires_auth" time="0.095" /><testcase classname="tests.test_refactored_api.TestCustomerEndpoints" name="test_my_addresses_with_auth" time="0.443" /><testcase classname="tests.test_refactored_api.TestCustomerEndpoints" name="test_create_address" time="0.449" /><testcase classname="tests.test_refactored_api.TestIntegrationStatusEndpoints" name="test_payment_status" time="0.128" /><testcase classname="tests.test_refactored_api.TestIntegrationStatusEndpoints" name="test_trendyol_status" time="0.105" /><testcase classname="tests.test_refactored_api.TestIntegrationStatusEndpoints" name="test_gib_status" time="0.106" /></testsuite></testsuites>