<?xml version="1.0" encoding="utf-8"?><testsuites name="pytest tests"><testsuite name="pytest" errors="0" failures="0" skipped="0" tests="10" time="4.601" timestamp="2026-03-26T04:46:24.331307+00:00" hostname="agent-env-eaadad02-8200-4f8b-9a58-9b7e90f5b5b6"><testcase classname="backend.tests.test_technical_import.TestTechnicalImport" name="test_import_technical_xlsx_endpoint_exists" time="0.473" /><testcase classname="backend.tests.test_technical_import.TestTechnicalImport" name="test_import_technical_xlsx_with_valid_file" time="0.505" /><testcase classname="backend.tests.test_technical_import.TestTechnicalImport" name="test_import_technical_xlsx_empty_file" time="0.439" /><testcase classname="backend.tests.test_technical_import.TestTechnicalImport" name="test_apply_technical_xlsx_endpoint_exists" time="0.416" /><testcase classname="backend.tests.test_technical_import.TestTechnicalImport" name="test_apply_technical_xlsx_with_valid_data" time="0.511" /><testcase classname="backend.tests.test_technical_import.TestTechnicalImport" name="test_apply_technical_xlsx_empty_updates" time="0.370" /><testcase classname="backend.tests.test_technical_import.TestTechnicalImport" name="test_apply_technical_xlsx_invalid_product_id" time="0.372" /><testcase classname="backend.tests.test_technical_import.TestProductAttributes" name="test_get_global_attributes" time="0.381" /><testcase classname="backend.tests.test_technical_import.TestProductAttributes" name="test_product_has_attributes_field" time="0.370" /><testcase classname="backend.tests.test_technical_import.TestProductAttributes" name="test_create_product_with_attributes" time="0.463" /></testsuite></testsuites>